-- The C compiler identification is GNU 7.5.0
-- The CXX compiler identification is GNU 7.5.0
-- Check for working C compiler: /usr/bin/cc
-- Check for working C compiler: /usr/bin/cc -- works
-- Detecting C compiler ABI info
-- Detecting C compiler ABI info - done
-- Detecting C compile features
-- Detecting C compile features - done
-- Check for working CXX compiler: /usr/bin/c++
-- Check for working CXX compiler: /usr/bin/c++ -- works
-- Detecting CXX compiler ABI info
-- Detecting CXX compiler ABI info - done
-- Detecting CXX compile features
-- Detecting CXX compile features - done
-- Using CATKIN_DEVEL_PREFIX: /home/ANT.AMAZON.COM/ojasjosh/aws-robomaker-hospital-world/build/aws_robomaker_hospital_world/devel
-- Using CMAKE_PREFIX_PATH: /home/ANT.AMAZON.COM/ojasjosh/aws-robomaker-hospital-world/install/aws_robomaker_hospital_world;/home/ANT.AMAZON.COM/ojasjosh/git_repos/ign-tools/install/ignition-tools;/home/ANT.AMAZON.COM/ojasjosh/git_repos/aws-robomaker-hospital-world/install/aws_robomaker_hospital_world;/home/ANT.AMAZON.COM/ojasjosh/git_repos/aws-robomaker-small-warehouse-world/install/aws_robomaker_small_warehouse_world;/home/ANT.AMAZON.COM/ojasjosh/git_repos/aws-robomaker-bookstore-world/install/aws_robomaker_bookstore_world;/opt/ros/melodic
-- This workspace overlays: /home/ANT.AMAZON.COM/ojasjosh/git_repos/aws-robomaker-hospital-world/install/aws_robomaker_hospital_world;/home/ANT.AMAZON.COM/ojasjosh/git_repos/aws-robomaker-small-warehouse-world/install/aws_robomaker_small_warehouse_world;/home/ANT.AMAZON.COM/ojasjosh/git_repos/aws-robomaker-bookstore-world/install/aws_robomaker_bookstore_world;/opt/ros/melodic
-- Found PythonInterp: /usr/bin/python2 (found suitable version "2.7.17", minimum required is "2") 
-- Using PYTHON_EXECUTABLE: /usr/bin/python2
-- Using Debian Python package layout
-- Using empy: /usr/bin/empy
-- Using CATKIN_ENABLE_TESTING: ON
-- Call enable_testing()
-- Using CATKIN_TEST_RESULTS_DIR: /home/ANT.AMAZON.COM/ojasjosh/aws-robomaker-hospital-world/build/aws_robomaker_hospital_world/test_results
-- Found gtest sources under '/usr/src/googletest': gtests will be built
-- Found gmock sources under '/usr/src/googletest': gmock will be built
-- Found PythonInterp: /usr/bin/python2 (found version "2.7.17") 
-- Looking for pthread.h
-- Looking for pthread.h - found
-- Looking for pthread_create
-- Looking for pthread_create - not found
-- Looking for pthread_create in pthreads
-- Looking for pthread_create in pthreads - not found
-- Looking for pthread_create in pthread
-- Looking for pthread_create in pthread - found
-- Found Threads: TRUE  
-- Using Python nosetests: /usr/bin/nosetests-2.7
-- catkin 0.7.28
-- BUILD_SHARED_LIBS is on
-- Using these message generators: gencpp;geneus;genlisp;gennodejs;genpy
running pip3 install -r /home/ANT.AMAZON.COM/ojasjosh/aws-robomaker-hospital-world/requirements.txt 2>&1
Collecting docopt>=0.6.2 (from -r /home/ANT.AMAZON.COM/ojasjosh/aws-robomaker-hospital-world/requirements.txt (line 1))
Collecting requests (from -r /home/ANT.AMAZON.COM/ojasjosh/aws-robomaker-hospital-world/requirements.txt (line 2))
  Using cached https://files.pythonhosted.org/packages/45/1e/0c169c6a5381e241ba7404532c16a21d86ab872c9bed8bdcd4c423954103/requests-2.24.0-py2.py3-none-any.whl
Collecting idna<3,>=2.5 (from requests->-r /home/ANT.AMAZON.COM/ojasjosh/aws-robomaker-hospital-world/requirements.txt (line 2))
  Using cached https://files.pythonhosted.org/packages/a2/38/928ddce2273eaa564f6f50de919327bf3a00f091b5baba8dfa9460f3a8a8/idna-2.10-py2.py3-none-any.whl
Collecting certifi>=2017.4.17 (from requests->-r /home/ANT.AMAZON.COM/ojasjosh/aws-robomaker-hospital-world/requirements.txt (line 2))
  Using cached https://files.pythonhosted.org/packages/5e/c4/6c4fe722df5343c33226f0b4e0bb042e4dc13483228b4718baf286f86d87/certifi-2020.6.20-py2.py3-none-any.whl
Collecting urllib3!=1.25.0,!=1.25.1,<1.26,>=1.21.1 (from requests->-r /home/ANT.AMAZON.COM/ojasjosh/aws-robomaker-hospital-world/requirements.txt (line 2))
  Using cached https://files.pythonhosted.org/packages/9f/f0/a391d1463ebb1b233795cabfc0ef38d3db4442339de68f847026199e69d7/urllib3-1.25.10-py2.py3-none-any.whl
Collecting chardet<4,>=3.0.2 (from requests->-r /home/ANT.AMAZON.COM/ojasjosh/aws-robomaker-hospital-world/requirements.txt (line 2))
  Using cached https://files.pythonhosted.org/packages/bc/a9/01ffebfb562e4274b6487b4bb1ddec7ca55ec7510b22e4c51f14098443b8/chardet-3.0.4-py2.py3-none-any.whl
Installing collected packages: docopt, idna, certifi, urllib3, chardet, requests
Successfully installed certifi-2020.6.20 chardet-3.0.4 docopt-0.6.2 idna-2.10 requests-2.24.0 urllib3-1.25.10
running python3 /home/ANT.AMAZON.COM/ojasjosh/aws-robomaker-hospital-world/fuel_utility.py download -m CGMClassic -m StorageRack -m VisitorChair -m InstrumentCart1 -m OpScrubs -m PatientWheelChair -m WhiteChipChair -m TrolleyBed -m SurgicalTrolley -m PotatoChipChair -m VisitorKidSit -m FemaleVisitorSit -m AdjTable -m MopCart3 -m MaleVisitorSit -m Drawer -m OfficeChairBlack -m ElderLadyPatient -m ElderMalePatient -m InstrumentCart2 -m MetalCabinet -m BedTable -m BedsideTable -m AnesthesiaMachine -m TrolleyBedPatient -m Shower -m SurgicalTrolleyMed -m StorageRackCovered -m KitchenSink -m Toilet -m VendingMachine -m ParkingTrolleyMin -m PatientFSit -m MaleVisitorOnPhone -m FemaleVisitor -m MalePatientBed -m StorageRackCoverOpen -m ParkingTrolleyMax -d /home/ANT.AMAZON.COM/ojasjosh/aws-robomaker-hospital-world/fuel_models --verbose 2>&1
  File "/home/ANT.AMAZON.COM/ojasjosh/aws-robomaker-hospital-world/fuel_utility.py", line 60
    def getModelUrl(self, mode_name)
                                   ^
SyntaxError: invalid syntax
-- Configuring done
-- Generating done
-- Build files have been written to: /home/ANT.AMAZON.COM/ojasjosh/aws-robomaker-hospital-world/build/aws_robomaker_hospital_world
[35m[1mScanning dependencies of target tests[0m
Built target tests
[36mInstall the project...[0m
-- Install configuration: ""
-- Installing: /home/ANT.AMAZON.COM/ojasjosh/aws-robomaker-hospital-world/install/aws_robomaker_hospital_world/lib/pkgconfig/aws_robomaker_hospital_world.pc
-- Installing: /home/ANT.AMAZON.COM/ojasjosh/aws-robomaker-hospital-world/install/aws_robomaker_hospital_world/share/aws_robomaker_hospital_world/cmake/aws_robomaker_hospital_worldConfig.cmake
-- Installing: /home/ANT.AMAZON.COM/ojasjosh/aws-robomaker-hospital-world/install/aws_robomaker_hospital_world/share/aws_robomaker_hospital_world/cmake/aws_robomaker_hospital_worldConfig-version.cmake
-- Installing: /home/ANT.AMAZON.COM/ojasjosh/aws-robomaker-hospital-world/install/aws_robomaker_hospital_world/share/aws_robomaker_hospital_world/package.xml
-- Installing: /home/ANT.AMAZON.COM/ojasjosh/aws-robomaker-hospital-world/install/aws_robomaker_hospital_world/share/aws_robomaker_hospital_world/launch
-- Installing: /home/ANT.AMAZON.COM/ojasjosh/aws-robomaker-hospital-world/install/aws_robomaker_hospital_world/share/aws_robomaker_hospital_world/launch/hospital.launch
-- Installing: /home/ANT.AMAZON.COM/ojasjosh/aws-robomaker-hospital-world/install/aws_robomaker_hospital_world/share/aws_robomaker_hospital_world/launch/view_hospital.launch
-- Installing: /home/ANT.AMAZON.COM/ojasjosh/aws-robomaker-hospital-world/install/aws_robomaker_hospital_world/share/aws_robomaker_hospital_world/models
-- Installing: /home/ANT.AMAZON.COM/ojasjosh/aws-robomaker-hospital-world/install/aws_robomaker_hospital_world/share/aws_robomaker_hospital_world/models/aws_robomaker_retail_BookshelfB_01
-- Installing: /home/ANT.AMAZON.COM/ojasjosh/aws-robomaker-hospital-world/install/aws_robomaker_hospital_world/share/aws_robomaker_hospital_world/models/aws_robomaker_retail_BookshelfB_01/meshes
-- Installing: /home/ANT.AMAZON.COM/ojasjosh/aws-robomaker-hospital-world/install/aws_robomaker_hospital_world/share/aws_robomaker_hospital_world/models/aws_robomaker_retail_BookshelfB_01/meshes/aws_BookshelfB_01_collision.DAE
-- Installing: /home/ANT.AMAZON.COM/ojasjosh/aws-robomaker-hospital-world/install/aws_robomaker_hospital_world/share/aws_robomaker_hospital_world/models/aws_robomaker_retail_BookshelfB_01/meshes/aws_BookshelfB_01_visual.DAE
-- Installing: /home/ANT.AMAZON.COM/ojasjosh/aws-robomaker-hospital-world/install/aws_robomaker_hospital_world/share/aws_robomaker_hospital_world/models/aws_robomaker_retail_BookshelfB_01/model.sdf
-- Installing: /home/ANT.AMAZON.COM/ojasjosh/aws-robomaker-hospital-world/install/aws_robomaker_hospital_world/share/aws_robomaker_hospital_world/models/aws_robomaker_retail_BookshelfB_01/materials
-- Installing: /home/ANT.AMAZON.COM/ojasjosh/aws-robomaker-hospital-world/install/aws_robomaker_hospital_world/share/aws_robomaker_hospital_world/models/aws_robomaker_retail_BookshelfB_01/materials/textures
-- Installing: /home/ANT.AMAZON.COM/ojasjosh/aws-robomaker-hospital-world/install/aws_robomaker_hospital_world/share/aws_robomaker_hospital_world/models/aws_robomaker_retail_BookshelfB_01/materials/textures/aws_BookshelfB_01.png
-- Installing: /home/ANT.AMAZON.COM/ojasjosh/aws-robomaker-hospital-world/install/aws_robomaker_hospital_world/share/aws_robomaker_hospital_world/models/aws_robomaker_retail_BookshelfB_01/materials/textures/aws_BookshelfB_02.png
-- Installing: /home/ANT.AMAZON.COM/ojasjosh/aws-robomaker-hospital-world/install/aws_robomaker_hospital_world/share/aws_robomaker_hospital_world/models/aws_robomaker_retail_BookshelfB_01/model.config
-- Installing: /home/ANT.AMAZON.COM/ojasjosh/aws-robomaker-hospital-world/install/aws_robomaker_hospital_world/share/aws_robomaker_hospital_world/models/aws_robomaker_residential_PortraitB_02
-- Installing: /home/ANT.AMAZON.COM/ojasjosh/aws-robomaker-hospital-world/install/aws_robomaker_hospital_world/share/aws_robomaker_hospital_world/models/aws_robomaker_residential_PortraitB_02/meshes
-- Installing: /home/ANT.AMAZON.COM/ojasjosh/aws-robomaker-hospital-world/install/aws_robomaker_hospital_world/share/aws_robomaker_hospital_world/models/aws_robomaker_residential_PortraitB_02/meshes/aws_PortraitB_01_collision.DAE
-- Installing: /home/ANT.AMAZON.COM/ojasjosh/aws-robomaker-hospital-world/install/aws_robomaker_hospital_world/share/aws_robomaker_hospital_world/models/aws_robomaker_residential_PortraitB_02/meshes/aws_PortraitB_01_visual.DAE
-- Installing: /home/ANT.AMAZON.COM/ojasjosh/aws-robomaker-hospital-world/install/aws_robomaker_hospital_world/share/aws_robomaker_hospital_world/models/aws_robomaker_residential_PortraitB_02/model.sdf
-- Installing: /home/ANT.AMAZON.COM/ojasjosh/aws-robomaker-hospital-world/install/aws_robomaker_hospital_world/share/aws_robomaker_hospital_world/models/aws_robomaker_residential_PortraitB_02/materials
-- Installing: /home/ANT.AMAZON.COM/ojasjosh/aws-robomaker-hospital-world/install/aws_robomaker_hospital_world/share/aws_robomaker_hospital_world/models/aws_robomaker_residential_PortraitB_02/materials/textures
-- Installing: /home/ANT.AMAZON.COM/ojasjosh/aws-robomaker-hospital-world/install/aws_robomaker_hospital_world/share/aws_robomaker_hospital_world/models/aws_robomaker_residential_PortraitB_02/materials/textures/aws_PortraitB_01.png
-- Installing: /home/ANT.AMAZON.COM/ojasjosh/aws-robomaker-hospital-world/install/aws_robomaker_hospital_world/share/aws_robomaker_hospital_world/models/aws_robomaker_residential_PortraitB_02/materials/textures/aws_PortraitB_02.png
-- Installing: /home/ANT.AMAZON.COM/ojasjosh/aws-robomaker-hospital-world/install/aws_robomaker_hospital_world/share/aws_robomaker_hospital_world/models/aws_robomaker_residential_PortraitB_02/model.config
-- Installing: /home/ANT.AMAZON.COM/ojasjosh/aws-robomaker-hospital-world/install/aws_robomaker_hospital_world/share/aws_robomaker_hospital_world/models/aws_robomaker_residential_PortraitA_02
-- Installing: /home/ANT.AMAZON.COM/ojasjosh/aws-robomaker-hospital-world/install/aws_robomaker_hospital_world/share/aws_robomaker_hospital_world/models/aws_robomaker_residential_PortraitA_02/meshes
-- Installing: /home/ANT.AMAZON.COM/ojasjosh/aws-robomaker-hospital-world/install/aws_robomaker_hospital_world/share/aws_robomaker_hospital_world/models/aws_robomaker_residential_PortraitA_02/meshes/aws_PortraitA_01_collision.DAE
-- Installing: /home/ANT.AMAZON.COM/ojasjosh/aws-robomaker-hospital-world/install/aws_robomaker_hospital_world/share/aws_robomaker_hospital_world/models/aws_robomaker_residential_PortraitA_02/meshes/aws_PortraitA_01_visual.DAE
-- Installing: /home/ANT.AMAZON.COM/ojasjosh/aws-robomaker-hospital-world/install/aws_robomaker_hospital_world/share/aws_robomaker_hospital_world/models/aws_robomaker_residential_PortraitA_02/model.sdf
-- Installing: /home/ANT.AMAZON.COM/ojasjosh/aws-robomaker-hospital-world/install/aws_robomaker_hospital_world/share/aws_robomaker_hospital_world/models/aws_robomaker_residential_PortraitA_02/materials
-- Installing: /home/ANT.AMAZON.COM/ojasjosh/aws-robomaker-hospital-world/install/aws_robomaker_hospital_world/share/aws_robomaker_hospital_world/models/aws_robomaker_residential_PortraitA_02/materials/textures
-- Installing: /home/ANT.AMAZON.COM/ojasjosh/aws-robomaker-hospital-world/install/aws_robomaker_hospital_world/share/aws_robomaker_hospital_world/models/aws_robomaker_residential_PortraitA_02/materials/textures/aws_PortraitA_02.png
-- Installing: /home/ANT.AMAZON.COM/ojasjosh/aws-robomaker-hospital-world/install/aws_robomaker_hospital_world/share/aws_robomaker_hospital_world/models/aws_robomaker_residential_PortraitA_02/materials/textures/aws_PortraitA_01.png
-- Installing: /home/ANT.AMAZON.COM/ojasjosh/aws-robomaker-hospital-world/install/aws_robomaker_hospital_world/share/aws_robomaker_hospital_world/models/aws_robomaker_residential_PortraitA_02/model.config
-- Installing: /home/ANT.AMAZON.COM/ojasjosh/aws-robomaker-hospital-world/install/aws_robomaker_hospital_world/share/aws_robomaker_hospital_world/models/aws_robomaker_residential_PortraitB_03
-- Installing: /home/ANT.AMAZON.COM/ojasjosh/aws-robomaker-hospital-world/install/aws_robomaker_hospital_world/share/aws_robomaker_hospital_world/models/aws_robomaker_residential_PortraitB_03/meshes
-- Installing: /home/ANT.AMAZON.COM/ojasjosh/aws-robomaker-hospital-world/install/aws_robomaker_hospital_world/share/aws_robomaker_hospital_world/models/aws_robomaker_residential_PortraitB_03/meshes/aws_PortraitB_01_collision.DAE
-- Installing: /home/ANT.AMAZON.COM/ojasjosh/aws-robomaker-hospital-world/install/aws_robomaker_hospital_world/share/aws_robomaker_hospital_world/models/aws_robomaker_residential_PortraitB_03/meshes/aws_PortraitB_01_visual.DAE
-- Installing: /home/ANT.AMAZON.COM/ojasjosh/aws-robomaker-hospital-world/install/aws_robomaker_hospital_world/share/aws_robomaker_hospital_world/models/aws_robomaker_residential_PortraitB_03/model.sdf
-- Installing: /home/ANT.AMAZON.COM/ojasjosh/aws-robomaker-hospital-world/install/aws_robomaker_hospital_world/share/aws_robomaker_hospital_world/models/aws_robomaker_residential_PortraitB_03/materials
-- Installing: /home/ANT.AMAZON.COM/ojasjosh/aws-robomaker-hospital-world/install/aws_robomaker_hospital_world/share/aws_robomaker_hospital_world/models/aws_robomaker_residential_PortraitB_03/materials/textures
-- Installing: /home/ANT.AMAZON.COM/ojasjosh/aws-robomaker-hospital-world/install/aws_robomaker_hospital_world/share/aws_robomaker_hospital_world/models/aws_robomaker_residential_PortraitB_03/materials/textures/aws_PortraitB_01.png
-- Installing: /home/ANT.AMAZON.COM/ojasjosh/aws-robomaker-hospital-world/install/aws_robomaker_hospital_world/share/aws_robomaker_hospital_world/models/aws_robomaker_residential_PortraitB_03/materials/textures/aws_PortraitB_02.png
-- Installing: /home/ANT.AMAZON.COM/ojasjosh/aws-robomaker-hospital-world/install/aws_robomaker_hospital_world/share/aws_robomaker_hospital_world/models/aws_robomaker_residential_PortraitB_03/model.config
-- Installing: /home/ANT.AMAZON.COM/ojasjosh/aws-robomaker-hospital-world/install/aws_robomaker_hospital_world/share/aws_robomaker_hospital_world/models/aws_robomaker_hospital_floor_02_floor
-- Installing: /home/ANT.AMAZON.COM/ojasjosh/aws-robomaker-hospital-world/install/aws_robomaker_hospital_world/share/aws_robomaker_hospital_world/models/aws_robomaker_hospital_floor_02_floor/meshes
-- Installing: /home/ANT.AMAZON.COM/ojasjosh/aws-robomaker-hospital-world/install/aws_robomaker_hospital_world/share/aws_robomaker_hospital_world/models/aws_robomaker_hospital_floor_02_floor/meshes/aws_robomaker_hospital_floor_02_floor_collision.dae
-- Installing: /home/ANT.AMAZON.COM/ojasjosh/aws-robomaker-hospital-world/install/aws_robomaker_hospital_world/share/aws_robomaker_hospital_world/models/aws_robomaker_hospital_floor_02_floor/meshes/aws_robomaker_hospital_floor_02_floor_normal.png
-- Installing: /home/ANT.AMAZON.COM/ojasjosh/aws-robomaker-hospital-world/install/aws_robomaker_hospital_world/share/aws_robomaker_hospital_world/models/aws_robomaker_hospital_floor_02_floor/meshes/aws_robomaker_hospital_floor_02_floor_visual.dae
-- Installing: /home/ANT.AMAZON.COM/ojasjosh/aws-robomaker-hospital-world/install/aws_robomaker_hospital_world/share/aws_robomaker_hospital_world/models/aws_robomaker_hospital_floor_02_floor/meshes/aws_robomaker_hospital_floor_02_floor.png
-- Installing: /home/ANT.AMAZON.COM/ojasjosh/aws-robomaker-hospital-world/install/aws_robomaker_hospital_world/share/aws_robomaker_hospital_world/models/aws_robomaker_hospital_floor_02_floor/model.sdf
-- Installing: /home/ANT.AMAZON.COM/ojasjosh/aws-robomaker-hospital-world/install/aws_robomaker_hospital_world/share/aws_robomaker_hospital_world/models/aws_robomaker_hospital_floor_02_floor/model.config
-- Installing: /home/ANT.AMAZON.COM/ojasjosh/aws-robomaker-hospital-world/install/aws_robomaker_hospital_world/share/aws_robomaker_hospital_world/models/aws_robomaker_hospital_floor_01_walls
-- Installing: /home/ANT.AMAZON.COM/ojasjosh/aws-robomaker-hospital-world/install/aws_robomaker_hospital_world/share/aws_robomaker_hospital_world/models/aws_robomaker_hospital_floor_01_walls/meshes
-- Installing: /home/ANT.AMAZON.COM/ojasjosh/aws-robomaker-hospital-world/install/aws_robomaker_hospital_world/share/aws_robomaker_hospital_world/models/aws_robomaker_hospital_floor_01_walls/meshes/aws_robomaker_hospital_floor_01_doorsign.png
-- Installing: /home/ANT.AMAZON.COM/ojasjosh/aws-robomaker-hospital-world/install/aws_robomaker_hospital_world/share/aws_robomaker_hospital_world/models/aws_robomaker_hospital_floor_01_walls/meshes/aws_robomaker_hospital_floor_01_walls_collision.dae
-- Installing: /home/ANT.AMAZON.COM/ojasjosh/aws-robomaker-hospital-world/install/aws_robomaker_hospital_world/share/aws_robomaker_hospital_world/models/aws_robomaker_hospital_floor_01_walls/meshes/aws_robomaker_hospital_floor_01_windows.png
-- Installing: /home/ANT.AMAZON.COM/ojasjosh/aws-robomaker-hospital-world/install/aws_robomaker_hospital_world/share/aws_robomaker_hospital_world/models/aws_robomaker_hospital_floor_01_walls/meshes/aws_robomaker_hospital_floor_01_bumprail.png
-- Installing: /home/ANT.AMAZON.COM/ojasjosh/aws-robomaker-hospital-world/install/aws_robomaker_hospital_world/share/aws_robomaker_hospital_world/models/aws_robomaker_hospital_floor_01_walls/meshes/aws_robomaker_hospital_floor_01_doorframes_small.png
-- Installing: /home/ANT.AMAZON.COM/ojasjosh/aws-robomaker-hospital-world/install/aws_robomaker_hospital_world/share/aws_robomaker_hospital_world/models/aws_robomaker_hospital_floor_01_walls/meshes/aws_robomaker_hospital_floor_01_stairs.png
-- Installing: /home/ANT.AMAZON.COM/ojasjosh/aws-robomaker-hospital-world/install/aws_robomaker_hospital_world/share/aws_robomaker_hospital_world/models/aws_robomaker_hospital_floor_01_walls/meshes/aws_robomaker_hospital_floor_01_walls.png
-- Installing: /home/ANT.AMAZON.COM/ojasjosh/aws-robomaker-hospital-world/install/aws_robomaker_hospital_world/share/aws_robomaker_hospital_world/models/aws_robomaker_hospital_floor_01_walls/meshes/aws_robomaker_hospital_floor_01_handrail.png
-- Installing: /home/ANT.AMAZON.COM/ojasjosh/aws-robomaker-hospital-world/install/aws_robomaker_hospital_world/share/aws_robomaker_hospital_world/models/aws_robomaker_hospital_floor_01_walls/meshes/aws_robomaker_hospital_floor_01_walls_visual.dae
-- Installing: /home/ANT.AMAZON.COM/ojasjosh/aws-robomaker-hospital-world/install/aws_robomaker_hospital_world/share/aws_robomaker_hospital_world/models/aws_robomaker_hospital_floor_01_walls/meshes/aws_robomaker_hospital_floor_01_doorframes_big.png
-- Installing: /home/ANT.AMAZON.COM/ojasjosh/aws-robomaker-hospital-world/install/aws_robomaker_hospital_world/share/aws_robomaker_hospital_world/models/aws_robomaker_hospital_floor_01_walls/model.sdf
-- Installing: /home/ANT.AMAZON.COM/ojasjosh/aws-robomaker-hospital-world/install/aws_robomaker_hospital_world/share/aws_robomaker_hospital_world/models/aws_robomaker_hospital_floor_01_walls/model.config
-- Installing: /home/ANT.AMAZON.COM/ojasjosh/aws-robomaker-hospital-world/install/aws_robomaker_hospital_world/share/aws_robomaker_hospital_world/models/aws_robomaker_residential_Refrigerator_01
-- Installing: /home/ANT.AMAZON.COM/ojasjosh/aws-robomaker-hospital-world/install/aws_robomaker_hospital_world/share/aws_robomaker_hospital_world/models/aws_robomaker_residential_Refrigerator_01/meshes
-- Installing: /home/ANT.AMAZON.COM/ojasjosh/aws-robomaker-hospital-world/install/aws_robomaker_hospital_world/share/aws_robomaker_hospital_world/models/aws_robomaker_residential_Refrigerator_01/meshes/aws_Refrigerator_01_collision.DAE
-- Installing: /home/ANT.AMAZON.COM/ojasjosh/aws-robomaker-hospital-world/install/aws_robomaker_hospital_world/share/aws_robomaker_hospital_world/models/aws_robomaker_residential_Refrigerator_01/meshes/aws_Refrigerator_01_visual.DAE
-- Installing: /home/ANT.AMAZON.COM/ojasjosh/aws-robomaker-hospital-world/install/aws_robomaker_hospital_world/share/aws_robomaker_hospital_world/models/aws_robomaker_residential_Refrigerator_01/meshes/aws_Refrigerator_01.DAE
-- Installing: /home/ANT.AMAZON.COM/ojasjosh/aws-robomaker-hospital-world/install/aws_robomaker_hospital_world/share/aws_robomaker_hospital_world/models/aws_robomaker_residential_Refrigerator_01/model.sdf
-- Installing: /home/ANT.AMAZON.COM/ojasjosh/aws-robomaker-hospital-world/install/aws_robomaker_hospital_world/share/aws_robomaker_hospital_world/models/aws_robomaker_residential_Refrigerator_01/materials
-- Installing: /home/ANT.AMAZON.COM/ojasjosh/aws-robomaker-hospital-world/install/aws_robomaker_hospital_world/share/aws_robomaker_hospital_world/models/aws_robomaker_residential_Refrigerator_01/materials/textures
-- Installing: /home/ANT.AMAZON.COM/ojasjosh/aws-robomaker-hospital-world/install/aws_robomaker_hospital_world/share/aws_robomaker_hospital_world/models/aws_robomaker_residential_Refrigerator_01/materials/textures/aws_Refrigerator_01.png
-- Installing: /home/ANT.AMAZON.COM/ojasjosh/aws-robomaker-hospital-world/install/aws_robomaker_hospital_world/share/aws_robomaker_hospital_world/models/aws_robomaker_residential_Refrigerator_01/materials/textures/aws_Refrigerator_02.png
-- Installing: /home/ANT.AMAZON.COM/ojasjosh/aws-robomaker-hospital-world/install/aws_robomaker_hospital_world/share/aws_robomaker_hospital_world/models/aws_robomaker_residential_Refrigerator_01/model.config
-- Installing: /home/ANT.AMAZON.COM/ojasjosh/aws-robomaker-hospital-world/install/aws_robomaker_hospital_world/share/aws_robomaker_hospital_world/models/aws_robomaker_hospital_curtain_open_01
-- Installing: /home/ANT.AMAZON.COM/ojasjosh/aws-robomaker-hospital-world/install/aws_robomaker_hospital_world/share/aws_robomaker_hospital_world/models/aws_robomaker_hospital_curtain_open_01/meshes
-- Installing: /home/ANT.AMAZON.COM/ojasjosh/aws-robomaker-hospital-world/install/aws_robomaker_hospital_world/share/aws_robomaker_hospital_world/models/aws_robomaker_hospital_curtain_open_01/meshes/aws_robomaker_hospital_curtain_open_01_visual.dae
-- Installing: /home/ANT.AMAZON.COM/ojasjosh/aws-robomaker-hospital-world/install/aws_robomaker_hospital_world/share/aws_robomaker_hospital_world/models/aws_robomaker_hospital_curtain_open_01/meshes/aws_robomaker_hospital_curtain_open_01_low_normal.png
-- Installing: /home/ANT.AMAZON.COM/ojasjosh/aws-robomaker-hospital-world/install/aws_robomaker_hospital_world/share/aws_robomaker_hospital_world/models/aws_robomaker_hospital_curtain_open_01/meshes/aws_robomaker_hospital_curtain_open_01_visual.png
-- Installing: /home/ANT.AMAZON.COM/ojasjosh/aws-robomaker-hospital-world/install/aws_robomaker_hospital_world/share/aws_robomaker_hospital_world/models/aws_robomaker_hospital_curtain_open_01/meshes/aws_robomaker_hospital_curtainrail_01_visual_normal.png
-- Installing: /home/ANT.AMAZON.COM/ojasjosh/aws-robomaker-hospital-world/install/aws_robomaker_hospital_world/share/aws_robomaker_hospital_world/models/aws_robomaker_hospital_curtain_open_01/meshes/aws_robomaker_hospital_curtainrail_01_low.png
-- Installing: /home/ANT.AMAZON.COM/ojasjosh/aws-robomaker-hospital-world/install/aws_robomaker_hospital_world/share/aws_robomaker_hospital_world/models/aws_robomaker_hospital_curtain_open_01/meshes/aws_robomaker_hospital_curtain_open_01_collision.dae
-- Installing: /home/ANT.AMAZON.COM/ojasjosh/aws-robomaker-hospital-world/install/aws_robomaker_hospital_world/share/aws_robomaker_hospital_world/models/aws_robomaker_hospital_curtain_open_01/meshes/aws_robomaker_hospital_curtain_open_01_visual_normal.png
-- Installing: /home/ANT.AMAZON.COM/ojasjosh/aws-robomaker-hospital-world/install/aws_robomaker_hospital_world/share/aws_robomaker_hospital_world/models/aws_robomaker_hospital_curtain_open_01/meshes/aws_robomaker_hospital_curtain_open_01_low.png
-- Installing: /home/ANT.AMAZON.COM/ojasjosh/aws-robomaker-hospital-world/install/aws_robomaker_hospital_world/share/aws_robomaker_hospital_world/models/aws_robomaker_hospital_curtain_open_01/meshes/aws_robomaker_hospital_curtainrail_01_visual.png
-- Installing: /home/ANT.AMAZON.COM/ojasjosh/aws-robomaker-hospital-world/install/aws_robomaker_hospital_world/share/aws_robomaker_hospital_world/models/aws_robomaker_hospital_curtain_open_01/meshes/aws_robomaker_hospital_curtainrail_01_low_normal.png
-- Installing: /home/ANT.AMAZON.COM/ojasjosh/aws-robomaker-hospital-world/install/aws_robomaker_hospital_world/share/aws_robomaker_hospital_world/models/aws_robomaker_hospital_curtain_open_01/model.sdf
-- Installing: /home/ANT.AMAZON.COM/ojasjosh/aws-robomaker-hospital-world/install/aws_robomaker_hospital_world/share/aws_robomaker_hospital_world/models/aws_robomaker_hospital_curtain_open_01/model.config
-- Installing: /home/ANT.AMAZON.COM/ojasjosh/aws-robomaker-hospital-world/install/aws_robomaker_hospital_world/share/aws_robomaker_hospital_world/models/aws_robomaker_residential_PortraitA_01
-- Installing: /home/ANT.AMAZON.COM/ojasjosh/aws-robomaker-hospital-world/install/aws_robomaker_hospital_world/share/aws_robomaker_hospital_world/models/aws_robomaker_residential_PortraitA_01/meshes
-- Installing: /home/ANT.AMAZON.COM/ojasjosh/aws-robomaker-hospital-world/install/aws_robomaker_hospital_world/share/aws_robomaker_hospital_world/models/aws_robomaker_residential_PortraitA_01/meshes/aws_PortraitA_01_collision.DAE
-- Installing: /home/ANT.AMAZON.COM/ojasjosh/aws-robomaker-hospital-world/install/aws_robomaker_hospital_world/share/aws_robomaker_hospital_world/models/aws_robomaker_residential_PortraitA_01/meshes/aws_PortraitA_01_visual.DAE
-- Installing: /home/ANT.AMAZON.COM/ojasjosh/aws-robomaker-hospital-world/install/aws_robomaker_hospital_world/share/aws_robomaker_hospital_world/models/aws_robomaker_residential_PortraitA_01/model.sdf
-- Installing: /home/ANT.AMAZON.COM/ojasjosh/aws-robomaker-hospital-world/install/aws_robomaker_hospital_world/share/aws_robomaker_hospital_world/models/aws_robomaker_residential_PortraitA_01/materials
-- Installing: /home/ANT.AMAZON.COM/ojasjosh/aws-robomaker-hospital-world/install/aws_robomaker_hospital_world/share/aws_robomaker_hospital_world/models/aws_robomaker_residential_PortraitA_01/materials/textures
-- Installing: /home/ANT.AMAZON.COM/ojasjosh/aws-robomaker-hospital-world/install/aws_robomaker_hospital_world/share/aws_robomaker_hospital_world/models/aws_robomaker_residential_PortraitA_01/materials/textures/aws_PortraitA_02.png
-- Installing: /home/ANT.AMAZON.COM/ojasjosh/aws-robomaker-hospital-world/install/aws_robomaker_hospital_world/share/aws_robomaker_hospital_world/models/aws_robomaker_residential_PortraitA_01/materials/textures/aws_PortraitA_01.png
-- Installing: /home/ANT.AMAZON.COM/ojasjosh/aws-robomaker-hospital-world/install/aws_robomaker_hospital_world/share/aws_robomaker_hospital_world/models/aws_robomaker_residential_PortraitA_01/model.config
-- Installing: /home/ANT.AMAZON.COM/ojasjosh/aws-robomaker-hospital-world/install/aws_robomaker_hospital_world/share/aws_robomaker_hospital_world/models/aws_robomaker_hospital_elevator_01_car
-- Installing: /home/ANT.AMAZON.COM/ojasjosh/aws-robomaker-hospital-world/install/aws_robomaker_hospital_world/share/aws_robomaker_hospital_world/models/aws_robomaker_hospital_elevator_01_car/meshes
-- Installing: /home/ANT.AMAZON.COM/ojasjosh/aws-robomaker-hospital-world/install/aws_robomaker_hospital_world/share/aws_robomaker_hospital_world/models/aws_robomaker_hospital_elevator_01_car/meshes/aws_robomaker_hospital_elevator_01_car_low.dae
-- Installing: /home/ANT.AMAZON.COM/ojasjosh/aws-robomaker-hospital-world/install/aws_robomaker_hospital_world/share/aws_robomaker_hospital_world/models/aws_robomaker_hospital_elevator_01_car/meshes/aws_robomaker_hospital_elevator_01_visual_normal.png
-- Installing: /home/ANT.AMAZON.COM/ojasjosh/aws-robomaker-hospital-world/install/aws_robomaker_hospital_world/share/aws_robomaker_hospital_world/models/aws_robomaker_hospital_elevator_01_car/meshes/aws_robomaker_hospital_elevator_01_low_normal.png
-- Installing: /home/ANT.AMAZON.COM/ojasjosh/aws-robomaker-hospital-world/install/aws_robomaker_hospital_world/share/aws_robomaker_hospital_world/models/aws_robomaker_hospital_elevator_01_car/meshes/aws_robomaker_hospital_elevator_01_visual.png
-- Installing: /home/ANT.AMAZON.COM/ojasjosh/aws-robomaker-hospital-world/install/aws_robomaker_hospital_world/share/aws_robomaker_hospital_world/models/aws_robomaker_hospital_elevator_01_car/meshes/aws_robomaker_hospital_elevator_01_low.png
-- Installing: /home/ANT.AMAZON.COM/ojasjosh/aws-robomaker-hospital-world/install/aws_robomaker_hospital_world/share/aws_robomaker_hospital_world/models/aws_robomaker_hospital_elevator_01_car/meshes/aws_robomaker_hospital_elevator_01_car_collision.dae
-- Installing: /home/ANT.AMAZON.COM/ojasjosh/aws-robomaker-hospital-world/install/aws_robomaker_hospital_world/share/aws_robomaker_hospital_world/models/aws_robomaker_hospital_elevator_01_car/meshes/aws_robomaker_hospital_elevator_01_car_visual.dae
-- Installing: /home/ANT.AMAZON.COM/ojasjosh/aws-robomaker-hospital-world/install/aws_robomaker_hospital_world/share/aws_robomaker_hospital_world/models/aws_robomaker_hospital_elevator_01_car/model.sdf
-- Installing: /home/ANT.AMAZON.COM/ojasjosh/aws-robomaker-hospital-world/install/aws_robomaker_hospital_world/share/aws_robomaker_hospital_world/models/aws_robomaker_hospital_elevator_01_car/model.config
-- Installing: /home/ANT.AMAZON.COM/ojasjosh/aws-robomaker-hospital-world/install/aws_robomaker_hospital_world/share/aws_robomaker_hospital_world/models/aws_robomaker_retail_Computer_01
-- Installing: /home/ANT.AMAZON.COM/ojasjosh/aws-robomaker-hospital-world/install/aws_robomaker_hospital_world/share/aws_robomaker_hospital_world/models/aws_robomaker_retail_Computer_01/meshes
-- Installing: /home/ANT.AMAZON.COM/ojasjosh/aws-robomaker-hospital-world/install/aws_robomaker_hospital_world/share/aws_robomaker_hospital_world/models/aws_robomaker_retail_Computer_01/meshes/aws_Computer_01_collision.DAE
-- Installing: /home/ANT.AMAZON.COM/ojasjosh/aws-robomaker-hospital-world/install/aws_robomaker_hospital_world/share/aws_robomaker_hospital_world/models/aws_robomaker_retail_Computer_01/meshes/aws_Computer_01_visual.DAE
-- Installing: /home/ANT.AMAZON.COM/ojasjosh/aws-robomaker-hospital-world/install/aws_robomaker_hospital_world/share/aws_robomaker_hospital_world/models/aws_robomaker_retail_Computer_01/model.sdf
-- Installing: /home/ANT.AMAZON.COM/ojasjosh/aws-robomaker-hospital-world/install/aws_robomaker_hospital_world/share/aws_robomaker_hospital_world/models/aws_robomaker_retail_Computer_01/materials
-- Installing: /home/ANT.AMAZON.COM/ojasjosh/aws-robomaker-hospital-world/install/aws_robomaker_hospital_world/share/aws_robomaker_hospital_world/models/aws_robomaker_retail_Computer_01/materials/textures
-- Installing: /home/ANT.AMAZON.COM/ojasjosh/aws-robomaker-hospital-world/install/aws_robomaker_hospital_world/share/aws_robomaker_hospital_world/models/aws_robomaker_retail_Computer_01/materials/textures/aws_Computer_01.png
-- Installing: /home/ANT.AMAZON.COM/ojasjosh/aws-robomaker-hospital-world/install/aws_robomaker_hospital_world/share/aws_robomaker_hospital_world/models/aws_robomaker_retail_Computer_01/model.config
-- Installing: /home/ANT.AMAZON.COM/ojasjosh/aws-robomaker-hospital-world/install/aws_robomaker_hospital_world/share/aws_robomaker_hospital_world/models/aws_robomaker_residential_PortraitD_02
-- Installing: /home/ANT.AMAZON.COM/ojasjosh/aws-robomaker-hospital-world/install/aws_robomaker_hospital_world/share/aws_robomaker_hospital_world/models/aws_robomaker_residential_PortraitD_02/meshes
-- Installing: /home/ANT.AMAZON.COM/ojasjosh/aws-robomaker-hospital-world/install/aws_robomaker_hospital_world/share/aws_robomaker_hospital_world/models/aws_robomaker_residential_PortraitD_02/meshes/aws_PortraitD_01_visual.DAE
-- Installing: /home/ANT.AMAZON.COM/ojasjosh/aws-robomaker-hospital-world/install/aws_robomaker_hospital_world/share/aws_robomaker_hospital_world/models/aws_robomaker_residential_PortraitD_02/meshes/aws_PortraitD_01_collision.DAE
-- Installing: /home/ANT.AMAZON.COM/ojasjosh/aws-robomaker-hospital-world/install/aws_robomaker_hospital_world/share/aws_robomaker_hospital_world/models/aws_robomaker_residential_PortraitD_02/model.sdf
-- Installing: /home/ANT.AMAZON.COM/ojasjosh/aws-robomaker-hospital-world/install/aws_robomaker_hospital_world/share/aws_robomaker_hospital_world/models/aws_robomaker_residential_PortraitD_02/materials
-- Installing: /home/ANT.AMAZON.COM/ojasjosh/aws-robomaker-hospital-world/install/aws_robomaker_hospital_world/share/aws_robomaker_hospital_world/models/aws_robomaker_residential_PortraitD_02/materials/textures
-- Installing: /home/ANT.AMAZON.COM/ojasjosh/aws-robomaker-hospital-world/install/aws_robomaker_hospital_world/share/aws_robomaker_hospital_world/models/aws_robomaker_residential_PortraitD_02/materials/textures/aws_PortraitD_02.png
-- Installing: /home/ANT.AMAZON.COM/ojasjosh/aws-robomaker-hospital-world/install/aws_robomaker_hospital_world/share/aws_robomaker_hospital_world/models/aws_robomaker_residential_PortraitD_02/materials/textures/aws_PortraitD_01.png
-- Installing: /home/ANT.AMAZON.COM/ojasjosh/aws-robomaker-hospital-world/install/aws_robomaker_hospital_world/share/aws_robomaker_hospital_world/models/aws_robomaker_residential_PortraitD_02/model.config
-- Installing: /home/ANT.AMAZON.COM/ojasjosh/aws-robomaker-hospital-world/install/aws_robomaker_hospital_world/share/aws_robomaker_hospital_world/models/aws_robomaker_residential_Sofa_01
-- Installing: /home/ANT.AMAZON.COM/ojasjosh/aws-robomaker-hospital-world/install/aws_robomaker_hospital_world/share/aws_robomaker_hospital_world/models/aws_robomaker_residential_Sofa_01/meshes
-- Installing: /home/ANT.AMAZON.COM/ojasjosh/aws-robomaker-hospital-world/install/aws_robomaker_hospital_world/share/aws_robomaker_hospital_world/models/aws_robomaker_residential_Sofa_01/meshes/aws_Sofa_01_visual.DAE
-- Installing: /home/ANT.AMAZON.COM/ojasjosh/aws-robomaker-hospital-world/install/aws_robomaker_hospital_world/share/aws_robomaker_hospital_world/models/aws_robomaker_residential_Sofa_01/meshes/aws_Sofa_01.DAE
-- Installing: /home/ANT.AMAZON.COM/ojasjosh/aws-robomaker-hospital-world/install/aws_robomaker_hospital_world/share/aws_robomaker_hospital_world/models/aws_robomaker_residential_Sofa_01/meshes/aws_Sofa_01_collision.DAE
-- Installing: /home/ANT.AMAZON.COM/ojasjosh/aws-robomaker-hospital-world/install/aws_robomaker_hospital_world/share/aws_robomaker_hospital_world/models/aws_robomaker_residential_Sofa_01/model.sdf
-- Installing: /home/ANT.AMAZON.COM/ojasjosh/aws-robomaker-hospital-world/install/aws_robomaker_hospital_world/share/aws_robomaker_hospital_world/models/aws_robomaker_residential_Sofa_01/materials
-- Installing: /home/ANT.AMAZON.COM/ojasjosh/aws-robomaker-hospital-world/install/aws_robomaker_hospital_world/share/aws_robomaker_hospital_world/models/aws_robomaker_residential_Sofa_01/materials/textures
-- Installing: /home/ANT.AMAZON.COM/ojasjosh/aws-robomaker-hospital-world/install/aws_robomaker_hospital_world/share/aws_robomaker_hospital_world/models/aws_robomaker_residential_Sofa_01/materials/textures/aws_Sofa_01.png
-- Installing: /home/ANT.AMAZON.COM/ojasjosh/aws-robomaker-hospital-world/install/aws_robomaker_hospital_world/share/aws_robomaker_hospital_world/models/aws_robomaker_residential_Sofa_01/model.config
-- Installing: /home/ANT.AMAZON.COM/ojasjosh/aws-robomaker-hospital-world/install/aws_robomaker_hospital_world/share/aws_robomaker_hospital_world/models/aws_robomaker_warehouse_ClutteringA_01
-- Installing: /home/ANT.AMAZON.COM/ojasjosh/aws-robomaker-hospital-world/install/aws_robomaker_hospital_world/share/aws_robomaker_hospital_world/models/aws_robomaker_warehouse_ClutteringA_01/meshes
-- Installing: /home/ANT.AMAZON.COM/ojasjosh/aws-robomaker-hospital-world/install/aws_robomaker_hospital_world/share/aws_robomaker_hospital_world/models/aws_robomaker_warehouse_ClutteringA_01/meshes/aws_robomaker_warehouse_ClutteringA_01_visual.DAE
-- Installing: /home/ANT.AMAZON.COM/ojasjosh/aws-robomaker-hospital-world/install/aws_robomaker_hospital_world/share/aws_robomaker_hospital_world/models/aws_robomaker_warehouse_ClutteringA_01/meshes/aws_robomaker_warehouse_ClutteringA_01_collision.DAE
-- Installing: /home/ANT.AMAZON.COM/ojasjosh/aws-robomaker-hospital-world/install/aws_robomaker_hospital_world/share/aws_robomaker_hospital_world/models/aws_robomaker_warehouse_ClutteringA_01/model.sdf
-- Installing: /home/ANT.AMAZON.COM/ojasjosh/aws-robomaker-hospital-world/install/aws_robomaker_hospital_world/share/aws_robomaker_hospital_world/models/aws_robomaker_warehouse_ClutteringA_01/materials
-- Installing: /home/ANT.AMAZON.COM/ojasjosh/aws-robomaker-hospital-world/install/aws_robomaker_hospital_world/share/aws_robomaker_hospital_world/models/aws_robomaker_warehouse_ClutteringA_01/materials/textures
-- Installing: /home/ANT.AMAZON.COM/ojasjosh/aws-robomaker-hospital-world/install/aws_robomaker_hospital_world/share/aws_robomaker_hospital_world/models/aws_robomaker_warehouse_ClutteringA_01/materials/textures/aws_robomaker_warehouse_ClutteringA_02.png
-- Installing: /home/ANT.AMAZON.COM/ojasjosh/aws-robomaker-hospital-world/install/aws_robomaker_hospital_world/share/aws_robomaker_hospital_world/models/aws_robomaker_warehouse_ClutteringA_01/materials/textures/aws_robomaker_warehouse_ClutteringA_01.png
-- Installing: /home/ANT.AMAZON.COM/ojasjosh/aws-robomaker-hospital-world/install/aws_robomaker_hospital_world/share/aws_robomaker_hospital_world/models/aws_robomaker_warehouse_ClutteringA_01/materials/textures/aws_robomaker_warehouse_ClutteringA_03.png
-- Installing: /home/ANT.AMAZON.COM/ojasjosh/aws-robomaker-hospital-world/install/aws_robomaker_hospital_world/share/aws_robomaker_hospital_world/models/aws_robomaker_warehouse_ClutteringA_01/model.config
-- Installing: /home/ANT.AMAZON.COM/ojasjosh/aws-robomaker-hospital-world/install/aws_robomaker_hospital_world/share/aws_robomaker_hospital_world/models/aws_robomaker_hospital_curtain_half_open_01
-- Installing: /home/ANT.AMAZON.COM/ojasjosh/aws-robomaker-hospital-world/install/aws_robomaker_hospital_world/share/aws_robomaker_hospital_world/models/aws_robomaker_hospital_curtain_half_open_01/meshes
-- Installing: /home/ANT.AMAZON.COM/ojasjosh/aws-robomaker-hospital-world/install/aws_robomaker_hospital_world/share/aws_robomaker_hospital_world/models/aws_robomaker_hospital_curtain_half_open_01/meshes/aws_robomaker_hospital_curtain_half_open_01_visual_normal.png
-- Installing: /home/ANT.AMAZON.COM/ojasjosh/aws-robomaker-hospital-world/install/aws_robomaker_hospital_world/share/aws_robomaker_hospital_world/models/aws_robomaker_hospital_curtain_half_open_01/meshes/aws_robomaker_hospital_curtain_half_open_01_low.png
-- Installing: /home/ANT.AMAZON.COM/ojasjosh/aws-robomaker-hospital-world/install/aws_robomaker_hospital_world/share/aws_robomaker_hospital_world/models/aws_robomaker_hospital_curtain_half_open_01/meshes/aws_robomaker_hospital_curtain_half_open_01_low_normal.png
-- Installing: /home/ANT.AMAZON.COM/ojasjosh/aws-robomaker-hospital-world/install/aws_robomaker_hospital_world/share/aws_robomaker_hospital_world/models/aws_robomaker_hospital_curtain_half_open_01/meshes/aws_robomaker_hospital_curtain_half_open_01_visual.png
-- Installing: /home/ANT.AMAZON.COM/ojasjosh/aws-robomaker-hospital-world/install/aws_robomaker_hospital_world/share/aws_robomaker_hospital_world/models/aws_robomaker_hospital_curtain_half_open_01/meshes/aws_robomaker_hospital_curtainrail_01_visual_normal.png
-- Installing: /home/ANT.AMAZON.COM/ojasjosh/aws-robomaker-hospital-world/install/aws_robomaker_hospital_world/share/aws_robomaker_hospital_world/models/aws_robomaker_hospital_curtain_half_open_01/meshes/aws_robomaker_hospital_curtainrail_01_low.png
-- Installing: /home/ANT.AMAZON.COM/ojasjosh/aws-robomaker-hospital-world/install/aws_robomaker_hospital_world/share/aws_robomaker_hospital_world/models/aws_robomaker_hospital_curtain_half_open_01/meshes/aws_robomaker_hospital_curtain_half_open_01_collision.dae
-- Installing: /home/ANT.AMAZON.COM/ojasjosh/aws-robomaker-hospital-world/install/aws_robomaker_hospital_world/share/aws_robomaker_hospital_world/models/aws_robomaker_hospital_curtain_half_open_01/meshes/aws_robomaker_hospital_curtainrail_01_visual.png
-- Installing: /home/ANT.AMAZON.COM/ojasjosh/aws-robomaker-hospital-world/install/aws_robomaker_hospital_world/share/aws_robomaker_hospital_world/models/aws_robomaker_hospital_curtain_half_open_01/meshes/aws_robomaker_hospital_curtainrail_01_low_normal.png
-- Installing: /home/ANT.AMAZON.COM/ojasjosh/aws-robomaker-hospital-world/install/aws_robomaker_hospital_world/share/aws_robomaker_hospital_world/models/aws_robomaker_hospital_curtain_half_open_01/meshes/aws_robomaker_hospital_curtain_half_open_01_visual.dae
-- Installing: /home/ANT.AMAZON.COM/ojasjosh/aws-robomaker-hospital-world/install/aws_robomaker_hospital_world/share/aws_robomaker_hospital_world/models/aws_robomaker_hospital_curtain_half_open_01/model.sdf
-- Installing: /home/ANT.AMAZON.COM/ojasjosh/aws-robomaker-hospital-world/install/aws_robomaker_hospital_world/share/aws_robomaker_hospital_world/models/aws_robomaker_hospital_curtain_half_open_01/model.config
-- Installing: /home/ANT.AMAZON.COM/ojasjosh/aws-robomaker-hospital-world/install/aws_robomaker_hospital_world/share/aws_robomaker_hospital_world/models/aws_robomaker_hospital_elevator_01_portal
-- Installing: /home/ANT.AMAZON.COM/ojasjosh/aws-robomaker-hospital-world/install/aws_robomaker_hospital_world/share/aws_robomaker_hospital_world/models/aws_robomaker_hospital_elevator_01_portal/meshes
-- Installing: /home/ANT.AMAZON.COM/ojasjosh/aws-robomaker-hospital-world/install/aws_robomaker_hospital_world/share/aws_robomaker_hospital_world/models/aws_robomaker_hospital_elevator_01_portal/meshes/aws_robomaker_hospital_elevator_01_visual_normal.png
-- Installing: /home/ANT.AMAZON.COM/ojasjosh/aws-robomaker-hospital-world/install/aws_robomaker_hospital_world/share/aws_robomaker_hospital_world/models/aws_robomaker_hospital_elevator_01_portal/meshes/aws_robomaker_hospital_elevator_01_portal_low.dae
-- Installing: /home/ANT.AMAZON.COM/ojasjosh/aws-robomaker-hospital-world/install/aws_robomaker_hospital_world/share/aws_robomaker_hospital_world/models/aws_robomaker_hospital_elevator_01_portal/meshes/aws_robomaker_hospital_elevator_01_low_normal.png
-- Installing: /home/ANT.AMAZON.COM/ojasjosh/aws-robomaker-hospital-world/install/aws_robomaker_hospital_world/share/aws_robomaker_hospital_world/models/aws_robomaker_hospital_elevator_01_portal/meshes/aws_robomaker_hospital_elevator_01_visual.png
-- Installing: /home/ANT.AMAZON.COM/ojasjosh/aws-robomaker-hospital-world/install/aws_robomaker_hospital_world/share/aws_robomaker_hospital_world/models/aws_robomaker_hospital_elevator_01_portal/meshes/aws_robomaker_hospital_elevator_01_low.png
-- Installing: /home/ANT.AMAZON.COM/ojasjosh/aws-robomaker-hospital-world/install/aws_robomaker_hospital_world/share/aws_robomaker_hospital_world/models/aws_robomaker_hospital_elevator_01_portal/meshes/aws_robomaker_hospital_elevator_01_portal_collision.dae
-- Installing: /home/ANT.AMAZON.COM/ojasjosh/aws-robomaker-hospital-world/install/aws_robomaker_hospital_world/share/aws_robomaker_hospital_world/models/aws_robomaker_hospital_elevator_01_portal/meshes/aws_robomaker_hospital_elevator_01_portal_visual.dae
-- Installing: /home/ANT.AMAZON.COM/ojasjosh/aws-robomaker-hospital-world/install/aws_robomaker_hospital_world/share/aws_robomaker_hospital_world/models/aws_robomaker_hospital_elevator_01_portal/model.sdf
-- Installing: /home/ANT.AMAZON.COM/ojasjosh/aws-robomaker-hospital-world/install/aws_robomaker_hospital_world/share/aws_robomaker_hospital_world/models/aws_robomaker_hospital_elevator_01_portal/model.config
-- Installing: /home/ANT.AMAZON.COM/ojasjosh/aws-robomaker-hospital-world/install/aws_robomaker_hospital_world/share/aws_robomaker_hospital_world/models/aws_robomaker_hospital_hospitalsign_01
-- Installing: /home/ANT.AMAZON.COM/ojasjosh/aws-robomaker-hospital-world/install/aws_robomaker_hospital_world/share/aws_robomaker_hospital_world/models/aws_robomaker_hospital_hospitalsign_01/meshes
-- Installing: /home/ANT.AMAZON.COM/ojasjosh/aws-robomaker-hospital-world/install/aws_robomaker_hospital_world/share/aws_robomaker_hospital_world/models/aws_robomaker_hospital_hospitalsign_01/meshes/aws_robomaker_hospital_hospitalsign_01_visual.dae
-- Installing: /home/ANT.AMAZON.COM/ojasjosh/aws-robomaker-hospital-world/install/aws_robomaker_hospital_world/share/aws_robomaker_hospital_world/models/aws_robomaker_hospital_hospitalsign_01/meshes/aws_robomaker_hospital_hospitalsign_01.png
-- Installing: /home/ANT.AMAZON.COM/ojasjosh/aws-robomaker-hospital-world/install/aws_robomaker_hospital_world/share/aws_robomaker_hospital_world/models/aws_robomaker_hospital_hospitalsign_01/meshes/aws_robomaker_hospital_hospitalsign_01_collision.dae
-- Installing: /home/ANT.AMAZON.COM/ojasjosh/aws-robomaker-hospital-world/install/aws_robomaker_hospital_world/share/aws_robomaker_hospital_world/models/aws_robomaker_hospital_hospitalsign_01/meshes/aws_robomaker_hospital_hospitalsign_01_normal.png
-- Installing: /home/ANT.AMAZON.COM/ojasjosh/aws-robomaker-hospital-world/install/aws_robomaker_hospital_world/share/aws_robomaker_hospital_world/models/aws_robomaker_hospital_hospitalsign_01/model.sdf
-- Installing: /home/ANT.AMAZON.COM/ojasjosh/aws-robomaker-hospital-world/install/aws_robomaker_hospital_world/share/aws_robomaker_hospital_world/models/aws_robomaker_hospital_hospitalsign_01/model.config
-- Installing: /home/ANT.AMAZON.COM/ojasjosh/aws-robomaker-hospital-world/install/aws_robomaker_hospital_world/share/aws_robomaker_hospital_world/models/aws_robomaker_hospital_curtain_closed_01
-- Installing: /home/ANT.AMAZON.COM/ojasjosh/aws-robomaker-hospital-world/install/aws_robomaker_hospital_world/share/aws_robomaker_hospital_world/models/aws_robomaker_hospital_curtain_closed_01/meshes
-- Installing: /home/ANT.AMAZON.COM/ojasjosh/aws-robomaker-hospital-world/install/aws_robomaker_hospital_world/share/aws_robomaker_hospital_world/models/aws_robomaker_hospital_curtain_closed_01/meshes/aws_robomaker_hospital_curtain_closed_01_collision.dae
-- Installing: /home/ANT.AMAZON.COM/ojasjosh/aws-robomaker-hospital-world/install/aws_robomaker_hospital_world/share/aws_robomaker_hospital_world/models/aws_robomaker_hospital_curtain_closed_01/meshes/aws_robomaker_hospital_curtain_closed_01_visual_normal.png
-- Installing: /home/ANT.AMAZON.COM/ojasjosh/aws-robomaker-hospital-world/install/aws_robomaker_hospital_world/share/aws_robomaker_hospital_world/models/aws_robomaker_hospital_curtain_closed_01/meshes/aws_robomaker_hospital_curtainrail_01_visual_normal.png
-- Installing: /home/ANT.AMAZON.COM/ojasjosh/aws-robomaker-hospital-world/install/aws_robomaker_hospital_world/share/aws_robomaker_hospital_world/models/aws_robomaker_hospital_curtain_closed_01/meshes/aws_robomaker_hospital_curtainrail_01_low.png
-- Installing: /home/ANT.AMAZON.COM/ojasjosh/aws-robomaker-hospital-world/install/aws_robomaker_hospital_world/share/aws_robomaker_hospital_world/models/aws_robomaker_hospital_curtain_closed_01/meshes/aws_robomaker_hospital_curtain_closed_01_visual.dae
-- Installing: /home/ANT.AMAZON.COM/ojasjosh/aws-robomaker-hospital-world/install/aws_robomaker_hospital_world/share/aws_robomaker_hospital_world/models/aws_robomaker_hospital_curtain_closed_01/meshes/aws_robomaker_hospital_curtain_closed_01_visual.png
-- Installing: /home/ANT.AMAZON.COM/ojasjosh/aws-robomaker-hospital-world/install/aws_robomaker_hospital_world/share/aws_robomaker_hospital_world/models/aws_robomaker_hospital_curtain_closed_01/meshes/aws_robomaker_hospital_curtainrail_01_visual.png
-- Installing: /home/ANT.AMAZON.COM/ojasjosh/aws-robomaker-hospital-world/install/aws_robomaker_hospital_world/share/aws_robomaker_hospital_world/models/aws_robomaker_hospital_curtain_closed_01/meshes/aws_robomaker_hospital_curtainrail_01_low_normal.png
-- Installing: /home/ANT.AMAZON.COM/ojasjosh/aws-robomaker-hospital-world/install/aws_robomaker_hospital_world/share/aws_robomaker_hospital_world/models/aws_robomaker_hospital_curtain_closed_01/meshes/aws_robomaker_hospital_curtain_closed_01_low_normal.png
-- Installing: /home/ANT.AMAZON.COM/ojasjosh/aws-robomaker-hospital-world/install/aws_robomaker_hospital_world/share/aws_robomaker_hospital_world/models/aws_robomaker_hospital_curtain_closed_01/meshes/aws_robomaker_hospital_curtain_closed_01_low.png
-- Installing: /home/ANT.AMAZON.COM/ojasjosh/aws-robomaker-hospital-world/install/aws_robomaker_hospital_world/share/aws_robomaker_hospital_world/models/aws_robomaker_hospital_curtain_closed_01/model.sdf
-- Installing: /home/ANT.AMAZON.COM/ojasjosh/aws-robomaker-hospital-world/install/aws_robomaker_hospital_world/share/aws_robomaker_hospital_world/models/aws_robomaker_hospital_curtain_closed_01/model.config
-- Installing: /home/ANT.AMAZON.COM/ojasjosh/aws-robomaker-hospital-world/install/aws_robomaker_hospital_world/share/aws_robomaker_hospital_world/models/aws_robomaker_residential_Carpet_01
-- Installing: /home/ANT.AMAZON.COM/ojasjosh/aws-robomaker-hospital-world/install/aws_robomaker_hospital_world/share/aws_robomaker_hospital_world/models/aws_robomaker_residential_Carpet_01/meshes
-- Installing: /home/ANT.AMAZON.COM/ojasjosh/aws-robomaker-hospital-world/install/aws_robomaker_hospital_world/share/aws_robomaker_hospital_world/models/aws_robomaker_residential_Carpet_01/meshes/aws_Carpet_01_visual.DAE
-- Installing: /home/ANT.AMAZON.COM/ojasjosh/aws-robomaker-hospital-world/install/aws_robomaker_hospital_world/share/aws_robomaker_hospital_world/models/aws_robomaker_residential_Carpet_01/meshes/aws_Carpet_01_collision.DAE
-- Installing: /home/ANT.AMAZON.COM/ojasjosh/aws-robomaker-hospital-world/install/aws_robomaker_hospital_world/share/aws_robomaker_hospital_world/models/aws_robomaker_residential_Carpet_01/model.sdf
-- Installing: /home/ANT.AMAZON.COM/ojasjosh/aws-robomaker-hospital-world/install/aws_robomaker_hospital_world/share/aws_robomaker_hospital_world/models/aws_robomaker_residential_Carpet_01/materials
-- Installing: /home/ANT.AMAZON.COM/ojasjosh/aws-robomaker-hospital-world/install/aws_robomaker_hospital_world/share/aws_robomaker_hospital_world/models/aws_robomaker_residential_Carpet_01/materials/textures
-- Installing: /home/ANT.AMAZON.COM/ojasjosh/aws-robomaker-hospital-world/install/aws_robomaker_hospital_world/share/aws_robomaker_hospital_world/models/aws_robomaker_residential_Carpet_01/materials/textures/aws_Carpet_01.png
-- Installing: /home/ANT.AMAZON.COM/ojasjosh/aws-robomaker-hospital-world/install/aws_robomaker_hospital_world/share/aws_robomaker_hospital_world/models/aws_robomaker_residential_Carpet_01/model.config
-- Installing: /home/ANT.AMAZON.COM/ojasjosh/aws-robomaker-hospital-world/install/aws_robomaker_hospital_world/share/aws_robomaker_hospital_world/models/aws_robomaker_hospital_floor_02_ceiling
-- Installing: /home/ANT.AMAZON.COM/ojasjosh/aws-robomaker-hospital-world/install/aws_robomaker_hospital_world/share/aws_robomaker_hospital_world/models/aws_robomaker_hospital_floor_02_ceiling/meshes
-- Installing: /home/ANT.AMAZON.COM/ojasjosh/aws-robomaker-hospital-world/install/aws_robomaker_hospital_world/share/aws_robomaker_hospital_world/models/aws_robomaker_hospital_floor_02_ceiling/meshes/aws_robomaker_hospital_floor_02_ceiling.png
-- Installing: /home/ANT.AMAZON.COM/ojasjosh/aws-robomaker-hospital-world/install/aws_robomaker_hospital_world/share/aws_robomaker_hospital_world/models/aws_robomaker_hospital_floor_02_ceiling/meshes/aws_robomaker_hospital_floor_02_ceiling_normal.png
-- Installing: /home/ANT.AMAZON.COM/ojasjosh/aws-robomaker-hospital-world/install/aws_robomaker_hospital_world/share/aws_robomaker_hospital_world/models/aws_robomaker_hospital_floor_02_ceiling/meshes/aws_robomaker_hospital_floor_02_ceiling_collision.dae
-- Installing: /home/ANT.AMAZON.COM/ojasjosh/aws-robomaker-hospital-world/install/aws_robomaker_hospital_world/share/aws_robomaker_hospital_world/models/aws_robomaker_hospital_floor_02_ceiling/meshes/aws_robomaker_hospital_floor_02_ceiling_visual.dae
-- Installing: /home/ANT.AMAZON.COM/ojasjosh/aws-robomaker-hospital-world/install/aws_robomaker_hospital_world/share/aws_robomaker_hospital_world/models/aws_robomaker_hospital_floor_02_ceiling/model.sdf
-- Installing: /home/ANT.AMAZON.COM/ojasjosh/aws-robomaker-hospital-world/install/aws_robomaker_hospital_world/share/aws_robomaker_hospital_world/models/aws_robomaker_hospital_floor_02_ceiling/materials
-- Installing: /home/ANT.AMAZON.COM/ojasjosh/aws-robomaker-hospital-world/install/aws_robomaker_hospital_world/share/aws_robomaker_hospital_world/models/aws_robomaker_hospital_floor_02_ceiling/materials/model.sdf
-- Installing: /home/ANT.AMAZON.COM/ojasjosh/aws-robomaker-hospital-world/install/aws_robomaker_hospital_world/share/aws_robomaker_hospital_world/models/aws_robomaker_hospital_floor_02_ceiling/model.config
-- Installing: /home/ANT.AMAZON.COM/ojasjosh/aws-robomaker-hospital-world/install/aws_robomaker_hospital_world/share/aws_robomaker_hospital_world/models/aws_robomaker_residential_CoffeeTable_01
-- Installing: /home/ANT.AMAZON.COM/ojasjosh/aws-robomaker-hospital-world/install/aws_robomaker_hospital_world/share/aws_robomaker_hospital_world/models/aws_robomaker_residential_CoffeeTable_01/meshes
-- Installing: /home/ANT.AMAZON.COM/ojasjosh/aws-robomaker-hospital-world/install/aws_robomaker_hospital_world/share/aws_robomaker_hospital_world/models/aws_robomaker_residential_CoffeeTable_01/meshes/aws_CoffeeTable_01_visual.DAE
-- Installing: /home/ANT.AMAZON.COM/ojasjosh/aws-robomaker-hospital-world/install/aws_robomaker_hospital_world/share/aws_robomaker_hospital_world/models/aws_robomaker_residential_CoffeeTable_01/meshes/aws_CoffeeTable_01_collision.DAE
-- Installing: /home/ANT.AMAZON.COM/ojasjosh/aws-robomaker-hospital-world/install/aws_robomaker_hospital_world/share/aws_robomaker_hospital_world/models/aws_robomaker_residential_CoffeeTable_01/model.sdf
-- Installing: /home/ANT.AMAZON.COM/ojasjosh/aws-robomaker-hospital-world/install/aws_robomaker_hospital_world/share/aws_robomaker_hospital_world/models/aws_robomaker_residential_CoffeeTable_01/materials
-- Installing: /home/ANT.AMAZON.COM/ojasjosh/aws-robomaker-hospital-world/install/aws_robomaker_hospital_world/share/aws_robomaker_hospital_world/models/aws_robomaker_residential_CoffeeTable_01/materials/textures
-- Installing: /home/ANT.AMAZON.COM/ojasjosh/aws-robomaker-hospital-world/install/aws_robomaker_hospital_world/share/aws_robomaker_hospital_world/models/aws_robomaker_residential_CoffeeTable_01/materials/textures/aws_CoffeeTable_01.png
-- Installing: /home/ANT.AMAZON.COM/ojasjosh/aws-robomaker-hospital-world/install/aws_robomaker_hospital_world/share/aws_robomaker_hospital_world/models/aws_robomaker_residential_CoffeeTable_01/model.config
-- Installing: /home/ANT.AMAZON.COM/ojasjosh/aws-robomaker-hospital-world/install/aws_robomaker_hospital_world/share/aws_robomaker_hospital_world/models/aws_robomaker_hospital_elevator_01_door
-- Installing: /home/ANT.AMAZON.COM/ojasjosh/aws-robomaker-hospital-world/install/aws_robomaker_hospital_world/share/aws_robomaker_hospital_world/models/aws_robomaker_hospital_elevator_01_door/meshes
-- Installing: /home/ANT.AMAZON.COM/ojasjosh/aws-robomaker-hospital-world/install/aws_robomaker_hospital_world/share/aws_robomaker_hospital_world/models/aws_robomaker_hospital_elevator_01_door/meshes/aws_robomaker_hospital_elevator_01_door_collision.dae
-- Installing: /home/ANT.AMAZON.COM/ojasjosh/aws-robomaker-hospital-world/install/aws_robomaker_hospital_world/share/aws_robomaker_hospital_world/models/aws_robomaker_hospital_elevator_01_door/meshes/aws_robomaker_hospital_elevator_01_visual_normal.png
-- Installing: /home/ANT.AMAZON.COM/ojasjosh/aws-robomaker-hospital-world/install/aws_robomaker_hospital_world/share/aws_robomaker_hospital_world/models/aws_robomaker_hospital_elevator_01_door/meshes/aws_robomaker_hospital_elevator_01_door_low.dae
-- Installing: /home/ANT.AMAZON.COM/ojasjosh/aws-robomaker-hospital-world/install/aws_robomaker_hospital_world/share/aws_robomaker_hospital_world/models/aws_robomaker_hospital_elevator_01_door/meshes/aws_robomaker_hospital_elevator_01_door_visual.dae
-- Installing: /home/ANT.AMAZON.COM/ojasjosh/aws-robomaker-hospital-world/install/aws_robomaker_hospital_world/share/aws_robomaker_hospital_world/models/aws_robomaker_hospital_elevator_01_door/meshes/aws_robomaker_hospital_elevator_01_low_normal.png
-- Installing: /home/ANT.AMAZON.COM/ojasjosh/aws-robomaker-hospital-world/install/aws_robomaker_hospital_world/share/aws_robomaker_hospital_world/models/aws_robomaker_hospital_elevator_01_door/meshes/aws_robomaker_hospital_elevator_01_visual.png
-- Installing: /home/ANT.AMAZON.COM/ojasjosh/aws-robomaker-hospital-world/install/aws_robomaker_hospital_world/share/aws_robomaker_hospital_world/models/aws_robomaker_hospital_elevator_01_door/meshes/aws_robomaker_hospital_elevator_01_low.png
-- Installing: /home/ANT.AMAZON.COM/ojasjosh/aws-robomaker-hospital-world/install/aws_robomaker_hospital_world/share/aws_robomaker_hospital_world/models/aws_robomaker_hospital_elevator_01_door/model.sdf
-- Installing: /home/ANT.AMAZON.COM/ojasjosh/aws-robomaker-hospital-world/install/aws_robomaker_hospital_world/share/aws_robomaker_hospital_world/models/aws_robomaker_hospital_elevator_01_door/model.config
-- Installing: /home/ANT.AMAZON.COM/ojasjosh/aws-robomaker-hospital-world/install/aws_robomaker_hospital_world/share/aws_robomaker_hospital_world/models/aws_robomaker_hospital_floor_01_floor
-- Installing: /home/ANT.AMAZON.COM/ojasjosh/aws-robomaker-hospital-world/install/aws_robomaker_hospital_world/share/aws_robomaker_hospital_world/models/aws_robomaker_hospital_floor_01_floor/meshes
-- Installing: /home/ANT.AMAZON.COM/ojasjosh/aws-robomaker-hospital-world/install/aws_robomaker_hospital_world/share/aws_robomaker_hospital_world/models/aws_robomaker_hospital_floor_01_floor/meshes/aws_robomaker_hospital_floor_01_floor_collision.dae
-- Installing: /home/ANT.AMAZON.COM/ojasjosh/aws-robomaker-hospital-world/install/aws_robomaker_hospital_world/share/aws_robomaker_hospital_world/models/aws_robomaker_hospital_floor_01_floor/meshes/aws_robomaker_hospital_floor_01_floor_normal.png
-- Installing: /home/ANT.AMAZON.COM/ojasjosh/aws-robomaker-hospital-world/install/aws_robomaker_hospital_world/share/aws_robomaker_hospital_world/models/aws_robomaker_hospital_floor_01_floor/meshes/aws_robomaker_hospital_floor_01_floor_visual.dae
-- Installing: /home/ANT.AMAZON.COM/ojasjosh/aws-robomaker-hospital-world/install/aws_robomaker_hospital_world/share/aws_robomaker_hospital_world/models/aws_robomaker_hospital_floor_01_floor/meshes/aws_robomaker_hospital_floor_01_floor.png
-- Installing: /home/ANT.AMAZON.COM/ojasjosh/aws-robomaker-hospital-world/install/aws_robomaker_hospital_world/share/aws_robomaker_hospital_world/models/aws_robomaker_hospital_floor_01_floor/model.sdf
-- Installing: /home/ANT.AMAZON.COM/ojasjosh/aws-robomaker-hospital-world/install/aws_robomaker_hospital_world/share/aws_robomaker_hospital_world/models/aws_robomaker_hospital_floor_01_floor/model.config
-- Installing: /home/ANT.AMAZON.COM/ojasjosh/aws-robomaker-hospital-world/install/aws_robomaker_hospital_world/share/aws_robomaker_hospital_world/models/aws_robomaker_hospital_floor_01_ceiling
-- Installing: /home/ANT.AMAZON.COM/ojasjosh/aws-robomaker-hospital-world/install/aws_robomaker_hospital_world/share/aws_robomaker_hospital_world/models/aws_robomaker_hospital_floor_01_ceiling/meshes
-- Installing: /home/ANT.AMAZON.COM/ojasjosh/aws-robomaker-hospital-world/install/aws_robomaker_hospital_world/share/aws_robomaker_hospital_world/models/aws_robomaker_hospital_floor_01_ceiling/meshes/aws_robomaker_hospital_floor_01_ceiling.png
-- Installing: /home/ANT.AMAZON.COM/ojasjosh/aws-robomaker-hospital-world/install/aws_robomaker_hospital_world/share/aws_robomaker_hospital_world/models/aws_robomaker_hospital_floor_01_ceiling/meshes/aws_robomaker_hospital_floor_01_ceiling_normal.png
-- Installing: /home/ANT.AMAZON.COM/ojasjosh/aws-robomaker-hospital-world/install/aws_robomaker_hospital_world/share/aws_robomaker_hospital_world/models/aws_robomaker_hospital_floor_01_ceiling/meshes/aws_robomaker_hospital_floor_01_ceiling_collision.dae
-- Installing: /home/ANT.AMAZON.COM/ojasjosh/aws-robomaker-hospital-world/install/aws_robomaker_hospital_world/share/aws_robomaker_hospital_world/models/aws_robomaker_hospital_floor_01_ceiling/meshes/aws_robomaker_hospital_floor_01_ceiling_visual.dae
-- Installing: /home/ANT.AMAZON.COM/ojasjosh/aws-robomaker-hospital-world/install/aws_robomaker_hospital_world/share/aws_robomaker_hospital_world/models/aws_robomaker_hospital_floor_01_ceiling/model.sdf
-- Installing: /home/ANT.AMAZON.COM/ojasjosh/aws-robomaker-hospital-world/install/aws_robomaker_hospital_world/share/aws_robomaker_hospital_world/models/aws_robomaker_hospital_floor_01_ceiling/model.config
-- Installing: /home/ANT.AMAZON.COM/ojasjosh/aws-robomaker-hospital-world/install/aws_robomaker_hospital_world/share/aws_robomaker_hospital_world/models/aws_robomaker_residential_PortraitE_02
-- Installing: /home/ANT.AMAZON.COM/ojasjosh/aws-robomaker-hospital-world/install/aws_robomaker_hospital_world/share/aws_robomaker_hospital_world/models/aws_robomaker_residential_PortraitE_02/meshes
-- Installing: /home/ANT.AMAZON.COM/ojasjosh/aws-robomaker-hospital-world/install/aws_robomaker_hospital_world/share/aws_robomaker_hospital_world/models/aws_robomaker_residential_PortraitE_02/meshes/aws_PortraitE_01_collision.DAE
-- Installing: /home/ANT.AMAZON.COM/ojasjosh/aws-robomaker-hospital-world/install/aws_robomaker_hospital_world/share/aws_robomaker_hospital_world/models/aws_robomaker_residential_PortraitE_02/meshes/aws_PortraitE_01_visual.DAE
-- Installing: /home/ANT.AMAZON.COM/ojasjosh/aws-robomaker-hospital-world/install/aws_robomaker_hospital_world/share/aws_robomaker_hospital_world/models/aws_robomaker_residential_PortraitE_02/model.sdf
-- Installing: /home/ANT.AMAZON.COM/ojasjosh/aws-robomaker-hospital-world/install/aws_robomaker_hospital_world/share/aws_robomaker_hospital_world/models/aws_robomaker_residential_PortraitE_02/materials
-- Installing: /home/ANT.AMAZON.COM/ojasjosh/aws-robomaker-hospital-world/install/aws_robomaker_hospital_world/share/aws_robomaker_hospital_world/models/aws_robomaker_residential_PortraitE_02/materials/textures
-- Installing: /home/ANT.AMAZON.COM/ojasjosh/aws-robomaker-hospital-world/install/aws_robomaker_hospital_world/share/aws_robomaker_hospital_world/models/aws_robomaker_residential_PortraitE_02/materials/textures/aws_PortraitE_01.png
-- Installing: /home/ANT.AMAZON.COM/ojasjosh/aws-robomaker-hospital-world/install/aws_robomaker_hospital_world/share/aws_robomaker_hospital_world/models/aws_robomaker_residential_PortraitE_02/materials/textures/aws_PortraitE_02.png
-- Installing: /home/ANT.AMAZON.COM/ojasjosh/aws-robomaker-hospital-world/install/aws_robomaker_hospital_world/share/aws_robomaker_hospital_world/models/aws_robomaker_residential_PortraitE_02/model.config
-- Installing: /home/ANT.AMAZON.COM/ojasjosh/aws-robomaker-hospital-world/install/aws_robomaker_hospital_world/share/aws_robomaker_hospital_world/models/aws_robomaker_residential_PortraitC_01
-- Installing: /home/ANT.AMAZON.COM/ojasjosh/aws-robomaker-hospital-world/install/aws_robomaker_hospital_world/share/aws_robomaker_hospital_world/models/aws_robomaker_residential_PortraitC_01/meshes
-- Installing: /home/ANT.AMAZON.COM/ojasjosh/aws-robomaker-hospital-world/install/aws_robomaker_hospital_world/share/aws_robomaker_hospital_world/models/aws_robomaker_residential_PortraitC_01/meshes/aws_PortraitC_01_collision.DAE
-- Installing: /home/ANT.AMAZON.COM/ojasjosh/aws-robomaker-hospital-world/install/aws_robomaker_hospital_world/share/aws_robomaker_hospital_world/models/aws_robomaker_residential_PortraitC_01/meshes/aws_PortraitC_01_visual.DAE
-- Installing: /home/ANT.AMAZON.COM/ojasjosh/aws-robomaker-hospital-world/install/aws_robomaker_hospital_world/share/aws_robomaker_hospital_world/models/aws_robomaker_residential_PortraitC_01/model.sdf
-- Installing: /home/ANT.AMAZON.COM/ojasjosh/aws-robomaker-hospital-world/install/aws_robomaker_hospital_world/share/aws_robomaker_hospital_world/models/aws_robomaker_residential_PortraitC_01/materials
-- Installing: /home/ANT.AMAZON.COM/ojasjosh/aws-robomaker-hospital-world/install/aws_robomaker_hospital_world/share/aws_robomaker_hospital_world/models/aws_robomaker_residential_PortraitC_01/materials/textures
-- Installing: /home/ANT.AMAZON.COM/ojasjosh/aws-robomaker-hospital-world/install/aws_robomaker_hospital_world/share/aws_robomaker_hospital_world/models/aws_robomaker_residential_PortraitC_01/materials/textures/aws_PortraitC_01.png
-- Installing: /home/ANT.AMAZON.COM/ojasjosh/aws-robomaker-hospital-world/install/aws_robomaker_hospital_world/share/aws_robomaker_hospital_world/models/aws_robomaker_residential_PortraitC_01/materials/textures/aws_PortraitC_02.png
-- Installing: /home/ANT.AMAZON.COM/ojasjosh/aws-robomaker-hospital-world/install/aws_robomaker_hospital_world/share/aws_robomaker_hospital_world/models/aws_robomaker_residential_PortraitC_01/model.config
-- Installing: /home/ANT.AMAZON.COM/ojasjosh/aws-robomaker-hospital-world/install/aws_robomaker_hospital_world/share/aws_robomaker_hospital_world/models/aws_robomaker_residential_PortraitB_01
-- Installing: /home/ANT.AMAZON.COM/ojasjosh/aws-robomaker-hospital-world/install/aws_robomaker_hospital_world/share/aws_robomaker_hospital_world/models/aws_robomaker_residential_PortraitB_01/meshes
-- Installing: /home/ANT.AMAZON.COM/ojasjosh/aws-robomaker-hospital-world/install/aws_robomaker_hospital_world/share/aws_robomaker_hospital_world/models/aws_robomaker_residential_PortraitB_01/meshes/aws_PortraitB_01_collision.DAE
-- Installing: /home/ANT.AMAZON.COM/ojasjosh/aws-robomaker-hospital-world/install/aws_robomaker_hospital_world/share/aws_robomaker_hospital_world/models/aws_robomaker_residential_PortraitB_01/meshes/aws_PortraitB_01_visual.DAE
-- Installing: /home/ANT.AMAZON.COM/ojasjosh/aws-robomaker-hospital-world/install/aws_robomaker_hospital_world/share/aws_robomaker_hospital_world/models/aws_robomaker_residential_PortraitB_01/model.sdf
-- Installing: /home/ANT.AMAZON.COM/ojasjosh/aws-robomaker-hospital-world/install/aws_robomaker_hospital_world/share/aws_robomaker_hospital_world/models/aws_robomaker_residential_PortraitB_01/materials
-- Installing: /home/ANT.AMAZON.COM/ojasjosh/aws-robomaker-hospital-world/install/aws_robomaker_hospital_world/share/aws_robomaker_hospital_world/models/aws_robomaker_residential_PortraitB_01/materials/textures
-- Installing: /home/ANT.AMAZON.COM/ojasjosh/aws-robomaker-hospital-world/install/aws_robomaker_hospital_world/share/aws_robomaker_hospital_world/models/aws_robomaker_residential_PortraitB_01/materials/textures/aws_PortraitB_01.png
-- Installing: /home/ANT.AMAZON.COM/ojasjosh/aws-robomaker-hospital-world/install/aws_robomaker_hospital_world/share/aws_robomaker_hospital_world/models/aws_robomaker_residential_PortraitB_01/materials/textures/aws_PortraitB_02.png
-- Installing: /home/ANT.AMAZON.COM/ojasjosh/aws-robomaker-hospital-world/install/aws_robomaker_hospital_world/share/aws_robomaker_hospital_world/models/aws_robomaker_residential_PortraitB_01/model.config
-- Installing: /home/ANT.AMAZON.COM/ojasjosh/aws-robomaker-hospital-world/install/aws_robomaker_hospital_world/share/aws_robomaker_hospital_world/models/aws_robomaker_hospital_nursesstation_01
-- Installing: /home/ANT.AMAZON.COM/ojasjosh/aws-robomaker-hospital-world/install/aws_robomaker_hospital_world/share/aws_robomaker_hospital_world/models/aws_robomaker_hospital_nursesstation_01/meshes
-- Installing: /home/ANT.AMAZON.COM/ojasjosh/aws-robomaker-hospital-world/install/aws_robomaker_hospital_world/share/aws_robomaker_hospital_world/models/aws_robomaker_hospital_nursesstation_01/meshes/aws_robomaker_hospital_nursesstation_01_low_normal.png
-- Installing: /home/ANT.AMAZON.COM/ojasjosh/aws-robomaker-hospital-world/install/aws_robomaker_hospital_world/share/aws_robomaker_hospital_world/models/aws_robomaker_hospital_nursesstation_01/meshes/aws_robomaker_hospital_nursesstation_01_low.dae
-- Installing: /home/ANT.AMAZON.COM/ojasjosh/aws-robomaker-hospital-world/install/aws_robomaker_hospital_world/share/aws_robomaker_hospital_world/models/aws_robomaker_hospital_nursesstation_01/meshes/aws_robomaker_hospital_nursesstation_01_visual.dae
-- Installing: /home/ANT.AMAZON.COM/ojasjosh/aws-robomaker-hospital-world/install/aws_robomaker_hospital_world/share/aws_robomaker_hospital_world/models/aws_robomaker_hospital_nursesstation_01/meshes/aws_robomaker_hospital_nursesstation_01_visual.png
-- Installing: /home/ANT.AMAZON.COM/ojasjosh/aws-robomaker-hospital-world/install/aws_robomaker_hospital_world/share/aws_robomaker_hospital_world/models/aws_robomaker_hospital_nursesstation_01/meshes/aws_robomaker_hospital_nursesstation_01_collision.dae
-- Installing: /home/ANT.AMAZON.COM/ojasjosh/aws-robomaker-hospital-world/install/aws_robomaker_hospital_world/share/aws_robomaker_hospital_world/models/aws_robomaker_hospital_nursesstation_01/meshes/aws_robomaker_hospital_nursesstation_01_low.png
-- Installing: /home/ANT.AMAZON.COM/ojasjosh/aws-robomaker-hospital-world/install/aws_robomaker_hospital_world/share/aws_robomaker_hospital_world/models/aws_robomaker_hospital_nursesstation_01/meshes/aws_robomaker_hospital_nursesstation_01_visual_normal.png
-- Installing: /home/ANT.AMAZON.COM/ojasjosh/aws-robomaker-hospital-world/install/aws_robomaker_hospital_world/share/aws_robomaker_hospital_world/models/aws_robomaker_hospital_nursesstation_01/model.sdf
-- Installing: /home/ANT.AMAZON.COM/ojasjosh/aws-robomaker-hospital-world/install/aws_robomaker_hospital_world/share/aws_robomaker_hospital_world/models/aws_robomaker_hospital_nursesstation_01/model.config
-- Installing: /home/ANT.AMAZON.COM/ojasjosh/aws-robomaker-hospital-world/install/aws_robomaker_hospital_world/share/aws_robomaker_hospital_world/models/aws_robomaker_warehouse_ClutteringC_01
-- Installing: /home/ANT.AMAZON.COM/ojasjosh/aws-robomaker-hospital-world/install/aws_robomaker_hospital_world/share/aws_robomaker_hospital_world/models/aws_robomaker_warehouse_ClutteringC_01/meshes
-- Installing: /home/ANT.AMAZON.COM/ojasjosh/aws-robomaker-hospital-world/install/aws_robomaker_hospital_world/share/aws_robomaker_hospital_world/models/aws_robomaker_warehouse_ClutteringC_01/meshes/aws_robomaker_warehouse_ClutteringC_01_collision.DAE
-- Installing: /home/ANT.AMAZON.COM/ojasjosh/aws-robomaker-hospital-world/install/aws_robomaker_hospital_world/share/aws_robomaker_hospital_world/models/aws_robomaker_warehouse_ClutteringC_01/meshes/aws_robomaker_warehouse_ClutteringC_01_visual.DAE
-- Installing: /home/ANT.AMAZON.COM/ojasjosh/aws-robomaker-hospital-world/install/aws_robomaker_hospital_world/share/aws_robomaker_hospital_world/models/aws_robomaker_warehouse_ClutteringC_01/model.sdf
-- Installing: /home/ANT.AMAZON.COM/ojasjosh/aws-robomaker-hospital-world/install/aws_robomaker_hospital_world/share/aws_robomaker_hospital_world/models/aws_robomaker_warehouse_ClutteringC_01/materials
-- Installing: /home/ANT.AMAZON.COM/ojasjosh/aws-robomaker-hospital-world/install/aws_robomaker_hospital_world/share/aws_robomaker_hospital_world/models/aws_robomaker_warehouse_ClutteringC_01/materials/textures
-- Installing: /home/ANT.AMAZON.COM/ojasjosh/aws-robomaker-hospital-world/install/aws_robomaker_hospital_world/share/aws_robomaker_hospital_world/models/aws_robomaker_warehouse_ClutteringC_01/materials/textures/aws_robomaker_warehouse_ClutteringC_02.png
-- Installing: /home/ANT.AMAZON.COM/ojasjosh/aws-robomaker-hospital-world/install/aws_robomaker_hospital_world/share/aws_robomaker_hospital_world/models/aws_robomaker_warehouse_ClutteringC_01/materials/textures/aws_robomaker_warehouse_ClutteringC_01.png
-- Installing: /home/ANT.AMAZON.COM/ojasjosh/aws-robomaker-hospital-world/install/aws_robomaker_hospital_world/share/aws_robomaker_hospital_world/models/aws_robomaker_warehouse_ClutteringC_01/model.config
-- Installing: /home/ANT.AMAZON.COM/ojasjosh/aws-robomaker-hospital-world/install/aws_robomaker_hospital_world/share/aws_robomaker_hospital_world/models/aws_robomaker_residential_SofaB_01
-- Installing: /home/ANT.AMAZON.COM/ojasjosh/aws-robomaker-hospital-world/install/aws_robomaker_hospital_world/share/aws_robomaker_hospital_world/models/aws_robomaker_residential_SofaB_01/meshes
-- Installing: /home/ANT.AMAZON.COM/ojasjosh/aws-robomaker-hospital-world/install/aws_robomaker_hospital_world/share/aws_robomaker_hospital_world/models/aws_robomaker_residential_SofaB_01/meshes/aws_SofaB_01_visual.DAE
-- Installing: /home/ANT.AMAZON.COM/ojasjosh/aws-robomaker-hospital-world/install/aws_robomaker_hospital_world/share/aws_robomaker_hospital_world/models/aws_robomaker_residential_SofaB_01/meshes/aws_SofaB_01_collision.DAE
-- Installing: /home/ANT.AMAZON.COM/ojasjosh/aws-robomaker-hospital-world/install/aws_robomaker_hospital_world/share/aws_robomaker_hospital_world/models/aws_robomaker_residential_SofaB_01/model.sdf
-- Installing: /home/ANT.AMAZON.COM/ojasjosh/aws-robomaker-hospital-world/install/aws_robomaker_hospital_world/share/aws_robomaker_hospital_world/models/aws_robomaker_residential_SofaB_01/materials
-- Installing: /home/ANT.AMAZON.COM/ojasjosh/aws-robomaker-hospital-world/install/aws_robomaker_hospital_world/share/aws_robomaker_hospital_world/models/aws_robomaker_residential_SofaB_01/materials/textures
-- Installing: /home/ANT.AMAZON.COM/ojasjosh/aws-robomaker-hospital-world/install/aws_robomaker_hospital_world/share/aws_robomaker_hospital_world/models/aws_robomaker_residential_SofaB_01/materials/textures/aws_SofaB_01.png
-- Installing: /home/ANT.AMAZON.COM/ojasjosh/aws-robomaker-hospital-world/install/aws_robomaker_hospital_world/share/aws_robomaker_hospital_world/models/aws_robomaker_residential_SofaB_01/model.config
-- Installing: /home/ANT.AMAZON.COM/ojasjosh/aws-robomaker-hospital-world/install/aws_robomaker_hospital_world/share/aws_robomaker_hospital_world/models/aws_robomaker_hospital_floor_02_walls
-- Installing: /home/ANT.AMAZON.COM/ojasjosh/aws-robomaker-hospital-world/install/aws_robomaker_hospital_world/share/aws_robomaker_hospital_world/models/aws_robomaker_hospital_floor_02_walls/meshes
-- Installing: /home/ANT.AMAZON.COM/ojasjosh/aws-robomaker-hospital-world/install/aws_robomaker_hospital_world/share/aws_robomaker_hospital_world/models/aws_robomaker_hospital_floor_02_walls/meshes/aws_robomaker_hospital_floor_02_bumprail.png
-- Installing: /home/ANT.AMAZON.COM/ojasjosh/aws-robomaker-hospital-world/install/aws_robomaker_hospital_world/share/aws_robomaker_hospital_world/models/aws_robomaker_hospital_floor_02_walls/meshes/aws_robomaker_hospital_floor_02_walls_visual.dae
-- Installing: /home/ANT.AMAZON.COM/ojasjosh/aws-robomaker-hospital-world/install/aws_robomaker_hospital_world/share/aws_robomaker_hospital_world/models/aws_robomaker_hospital_floor_02_walls/meshes/aws_robomaker_hospital_floor_02_handrail.png
-- Installing: /home/ANT.AMAZON.COM/ojasjosh/aws-robomaker-hospital-world/install/aws_robomaker_hospital_world/share/aws_robomaker_hospital_world/models/aws_robomaker_hospital_floor_02_walls/meshes/aws_robomaker_hospital_floor_02_windows.png
-- Installing: /home/ANT.AMAZON.COM/ojasjosh/aws-robomaker-hospital-world/install/aws_robomaker_hospital_world/share/aws_robomaker_hospital_world/models/aws_robomaker_hospital_floor_02_walls/meshes/aws_robomaker_hospital_floor_02_doorsign.png
-- Installing: /home/ANT.AMAZON.COM/ojasjosh/aws-robomaker-hospital-world/install/aws_robomaker_hospital_world/share/aws_robomaker_hospital_world/models/aws_robomaker_hospital_floor_02_walls/meshes/aws_robomaker_hospital_floor_02_walls.png
-- Installing: /home/ANT.AMAZON.COM/ojasjosh/aws-robomaker-hospital-world/install/aws_robomaker_hospital_world/share/aws_robomaker_hospital_world/models/aws_robomaker_hospital_floor_02_walls/meshes/aws_robomaker_hospital_floor_02_walls_collision.dae
-- Installing: /home/ANT.AMAZON.COM/ojasjosh/aws-robomaker-hospital-world/install/aws_robomaker_hospital_world/share/aws_robomaker_hospital_world/models/aws_robomaker_hospital_floor_02_walls/meshes/aws_robomaker_hospital_floor_02_doorframes_big.png
-- Installing: /home/ANT.AMAZON.COM/ojasjosh/aws-robomaker-hospital-world/install/aws_robomaker_hospital_world/share/aws_robomaker_hospital_world/models/aws_robomaker_hospital_floor_02_walls/meshes/aws_robomaker_hospital_floor_02_doorframes_small.png
-- Installing: /home/ANT.AMAZON.COM/ojasjosh/aws-robomaker-hospital-world/install/aws_robomaker_hospital_world/share/aws_robomaker_hospital_world/models/aws_robomaker_hospital_floor_02_walls/meshes/aws_robomaker_hospital_floor_02_stairs.png
-- Installing: /home/ANT.AMAZON.COM/ojasjosh/aws-robomaker-hospital-world/install/aws_robomaker_hospital_world/share/aws_robomaker_hospital_world/models/aws_robomaker_hospital_floor_02_walls/model.sdf
-- Installing: /home/ANT.AMAZON.COM/ojasjosh/aws-robomaker-hospital-world/install/aws_robomaker_hospital_world/share/aws_robomaker_hospital_world/models/aws_robomaker_hospital_floor_02_walls/model.config
-- Installing: /home/ANT.AMAZON.COM/ojasjosh/aws-robomaker-hospital-world/install/aws_robomaker_hospital_world/share/aws_robomaker_hospital_world/models/aws_robomaker_hospital_ramp_01
-- Installing: /home/ANT.AMAZON.COM/ojasjosh/aws-robomaker-hospital-world/install/aws_robomaker_hospital_world/share/aws_robomaker_hospital_world/models/aws_robomaker_hospital_ramp_01/meshes
-- Installing: /home/ANT.AMAZON.COM/ojasjosh/aws-robomaker-hospital-world/install/aws_robomaker_hospital_world/share/aws_robomaker_hospital_world/models/aws_robomaker_hospital_ramp_01/meshes/aws_robomaker_hospital_ramp_01_visual.dae
-- Installing: /home/ANT.AMAZON.COM/ojasjosh/aws-robomaker-hospital-world/install/aws_robomaker_hospital_world/share/aws_robomaker_hospital_world/models/aws_robomaker_hospital_ramp_01/meshes/aws_robomaker_hospital_ramp_01_normal.png
-- Installing: /home/ANT.AMAZON.COM/ojasjosh/aws-robomaker-hospital-world/install/aws_robomaker_hospital_world/share/aws_robomaker_hospital_world/models/aws_robomaker_hospital_ramp_01/meshes/aws_robomaker_hospital_ramp_01.png
-- Installing: /home/ANT.AMAZON.COM/ojasjosh/aws-robomaker-hospital-world/install/aws_robomaker_hospital_world/share/aws_robomaker_hospital_world/models/aws_robomaker_hospital_ramp_01/meshes/aws_robomaker_hospital_ramp_01_collision.dae
-- Installing: /home/ANT.AMAZON.COM/ojasjosh/aws-robomaker-hospital-world/install/aws_robomaker_hospital_world/share/aws_robomaker_hospital_world/models/aws_robomaker_hospital_ramp_01/model.sdf
-- Installing: /home/ANT.AMAZON.COM/ojasjosh/aws-robomaker-hospital-world/install/aws_robomaker_hospital_world/share/aws_robomaker_hospital_world/models/aws_robomaker_hospital_ramp_01/model.config
-- Installing: /home/ANT.AMAZON.COM/ojasjosh/aws-robomaker-hospital-world/install/aws_robomaker_hospital_world/share/aws_robomaker_hospital_world/models/aws_robomaker_residential_PortraitE_01
-- Installing: /home/ANT.AMAZON.COM/ojasjosh/aws-robomaker-hospital-world/install/aws_robomaker_hospital_world/share/aws_robomaker_hospital_world/models/aws_robomaker_residential_PortraitE_01/meshes
-- Installing: /home/ANT.AMAZON.COM/ojasjosh/aws-robomaker-hospital-world/install/aws_robomaker_hospital_world/share/aws_robomaker_hospital_world/models/aws_robomaker_residential_PortraitE_01/meshes/aws_PortraitE_01_collision.DAE
-- Installing: /home/ANT.AMAZON.COM/ojasjosh/aws-robomaker-hospital-world/install/aws_robomaker_hospital_world/share/aws_robomaker_hospital_world/models/aws_robomaker_residential_PortraitE_01/meshes/aws_PortraitE_01_visual.DAE
-- Installing: /home/ANT.AMAZON.COM/ojasjosh/aws-robomaker-hospital-world/install/aws_robomaker_hospital_world/share/aws_robomaker_hospital_world/models/aws_robomaker_residential_PortraitE_01/model.sdf
-- Installing: /home/ANT.AMAZON.COM/ojasjosh/aws-robomaker-hospital-world/install/aws_robomaker_hospital_world/share/aws_robomaker_hospital_world/models/aws_robomaker_residential_PortraitE_01/materials
-- Installing: /home/ANT.AMAZON.COM/ojasjosh/aws-robomaker-hospital-world/install/aws_robomaker_hospital_world/share/aws_robomaker_hospital_world/models/aws_robomaker_residential_PortraitE_01/materials/textures
-- Installing: /home/ANT.AMAZON.COM/ojasjosh/aws-robomaker-hospital-world/install/aws_robomaker_hospital_world/share/aws_robomaker_hospital_world/models/aws_robomaker_residential_PortraitE_01/materials/textures/aws_PortraitE_01.png
-- Installing: /home/ANT.AMAZON.COM/ojasjosh/aws-robomaker-hospital-world/install/aws_robomaker_hospital_world/share/aws_robomaker_hospital_world/models/aws_robomaker_residential_PortraitE_01/materials/textures/aws_PortraitE_02.png
-- Installing: /home/ANT.AMAZON.COM/ojasjosh/aws-robomaker-hospital-world/install/aws_robomaker_hospital_world/share/aws_robomaker_hospital_world/models/aws_robomaker_residential_PortraitE_01/model.config
-- Installing: /home/ANT.AMAZON.COM/ojasjosh/aws-robomaker-hospital-world/install/aws_robomaker_hospital_world/share/aws_robomaker_hospital_world/models/aws_robomaker_residential_KitchenCabinet_01
-- Installing: /home/ANT.AMAZON.COM/ojasjosh/aws-robomaker-hospital-world/install/aws_robomaker_hospital_world/share/aws_robomaker_hospital_world/models/aws_robomaker_residential_KitchenCabinet_01/meshes
-- Installing: /home/ANT.AMAZON.COM/ojasjosh/aws-robomaker-hospital-world/install/aws_robomaker_hospital_world/share/aws_robomaker_hospital_world/models/aws_robomaker_residential_KitchenCabinet_01/meshes/aws_KitchenCabinet_01_visual.DAE
-- Installing: /home/ANT.AMAZON.COM/ojasjosh/aws-robomaker-hospital-world/install/aws_robomaker_hospital_world/share/aws_robomaker_hospital_world/models/aws_robomaker_residential_KitchenCabinet_01/meshes/aws_KitchenCabinet_01_collision.DAE
-- Installing: /home/ANT.AMAZON.COM/ojasjosh/aws-robomaker-hospital-world/install/aws_robomaker_hospital_world/share/aws_robomaker_hospital_world/models/aws_robomaker_residential_KitchenCabinet_01/model.sdf
-- Installing: /home/ANT.AMAZON.COM/ojasjosh/aws-robomaker-hospital-world/install/aws_robomaker_hospital_world/share/aws_robomaker_hospital_world/models/aws_robomaker_residential_KitchenCabinet_01/materials
-- Installing: /home/ANT.AMAZON.COM/ojasjosh/aws-robomaker-hospital-world/install/aws_robomaker_hospital_world/share/aws_robomaker_hospital_world/models/aws_robomaker_residential_KitchenCabinet_01/materials/textures
-- Installing: /home/ANT.AMAZON.COM/ojasjosh/aws-robomaker-hospital-world/install/aws_robomaker_hospital_world/share/aws_robomaker_hospital_world/models/aws_robomaker_residential_KitchenCabinet_01/materials/textures/aws_KitchenCabinet_01.png
-- Installing: /home/ANT.AMAZON.COM/ojasjosh/aws-robomaker-hospital-world/install/aws_robomaker_hospital_world/share/aws_robomaker_hospital_world/models/aws_robomaker_residential_KitchenCabinet_01/model.config
-- Installing: /home/ANT.AMAZON.COM/ojasjosh/aws-robomaker-hospital-world/install/aws_robomaker_hospital_world/share/aws_robomaker_hospital_world/models/aws_robomaker_residential_PortraitD_01
-- Installing: /home/ANT.AMAZON.COM/ojasjosh/aws-robomaker-hospital-world/install/aws_robomaker_hospital_world/share/aws_robomaker_hospital_world/models/aws_robomaker_residential_PortraitD_01/meshes
-- Installing: /home/ANT.AMAZON.COM/ojasjosh/aws-robomaker-hospital-world/install/aws_robomaker_hospital_world/share/aws_robomaker_hospital_world/models/aws_robomaker_residential_PortraitD_01/meshes/aws_PortraitD_01_visual.DAE
-- Installing: /home/ANT.AMAZON.COM/ojasjosh/aws-robomaker-hospital-world/install/aws_robomaker_hospital_world/share/aws_robomaker_hospital_world/models/aws_robomaker_residential_PortraitD_01/meshes/aws_PortraitD_01_collision.DAE
-- Installing: /home/ANT.AMAZON.COM/ojasjosh/aws-robomaker-hospital-world/install/aws_robomaker_hospital_world/share/aws_robomaker_hospital_world/models/aws_robomaker_residential_PortraitD_01/model.sdf
-- Installing: /home/ANT.AMAZON.COM/ojasjosh/aws-robomaker-hospital-world/install/aws_robomaker_hospital_world/share/aws_robomaker_hospital_world/models/aws_robomaker_residential_PortraitD_01/materials
-- Installing: /home/ANT.AMAZON.COM/ojasjosh/aws-robomaker-hospital-world/install/aws_robomaker_hospital_world/share/aws_robomaker_hospital_world/models/aws_robomaker_residential_PortraitD_01/materials/textures
-- Installing: /home/ANT.AMAZON.COM/ojasjosh/aws-robomaker-hospital-world/install/aws_robomaker_hospital_world/share/aws_robomaker_hospital_world/models/aws_robomaker_residential_PortraitD_01/materials/textures/aws_PortraitD_02.png
-- Installing: /home/ANT.AMAZON.COM/ojasjosh/aws-robomaker-hospital-world/install/aws_robomaker_hospital_world/share/aws_robomaker_hospital_world/models/aws_robomaker_residential_PortraitD_01/materials/textures/aws_PortraitD_01.png
-- Installing: /home/ANT.AMAZON.COM/ojasjosh/aws-robomaker-hospital-world/install/aws_robomaker_hospital_world/share/aws_robomaker_hospital_world/models/aws_robomaker_residential_PortraitD_01/model.config
-- Installing: /home/ANT.AMAZON.COM/ojasjosh/aws-robomaker-hospital-world/install/aws_robomaker_hospital_world/share/aws_robomaker_hospital_world/models/aws_robomaker_residential_TV_02
-- Installing: /home/ANT.AMAZON.COM/ojasjosh/aws-robomaker-hospital-world/install/aws_robomaker_hospital_world/share/aws_robomaker_hospital_world/models/aws_robomaker_residential_TV_02/meshes
-- Installing: /home/ANT.AMAZON.COM/ojasjosh/aws-robomaker-hospital-world/install/aws_robomaker_hospital_world/share/aws_robomaker_hospital_world/models/aws_robomaker_residential_TV_02/meshes/aws_TV_01_visual.DAE
-- Installing: /home/ANT.AMAZON.COM/ojasjosh/aws-robomaker-hospital-world/install/aws_robomaker_hospital_world/share/aws_robomaker_hospital_world/models/aws_robomaker_residential_TV_02/meshes/aws_TV_01_collision.DAE
-- Installing: /home/ANT.AMAZON.COM/ojasjosh/aws-robomaker-hospital-world/install/aws_robomaker_hospital_world/share/aws_robomaker_hospital_world/models/aws_robomaker_residential_TV_02/model.sdf
-- Installing: /home/ANT.AMAZON.COM/ojasjosh/aws-robomaker-hospital-world/install/aws_robomaker_hospital_world/share/aws_robomaker_hospital_world/models/aws_robomaker_residential_TV_02/materials
-- Installing: /home/ANT.AMAZON.COM/ojasjosh/aws-robomaker-hospital-world/install/aws_robomaker_hospital_world/share/aws_robomaker_hospital_world/models/aws_robomaker_residential_TV_02/materials/textures
-- Installing: /home/ANT.AMAZON.COM/ojasjosh/aws-robomaker-hospital-world/install/aws_robomaker_hospital_world/share/aws_robomaker_hospital_world/models/aws_robomaker_residential_TV_02/materials/textures/aws_TV_01.png
-- Installing: /home/ANT.AMAZON.COM/ojasjosh/aws-robomaker-hospital-world/install/aws_robomaker_hospital_world/share/aws_robomaker_hospital_world/models/aws_robomaker_residential_TV_02/model.config
-- Installing: /home/ANT.AMAZON.COM/ojasjosh/aws-robomaker-hospital-world/install/aws_robomaker_hospital_world/share/aws_robomaker_hospital_world/models/aws_robomaker_residential_Trash_01
-- Installing: /home/ANT.AMAZON.COM/ojasjosh/aws-robomaker-hospital-world/install/aws_robomaker_hospital_world/share/aws_robomaker_hospital_world/models/aws_robomaker_residential_Trash_01/meshes
-- Installing: /home/ANT.AMAZON.COM/ojasjosh/aws-robomaker-hospital-world/install/aws_robomaker_hospital_world/share/aws_robomaker_hospital_world/models/aws_robomaker_residential_Trash_01/meshes/aws_Trash_01_visual.DAE
-- Installing: /home/ANT.AMAZON.COM/ojasjosh/aws-robomaker-hospital-world/install/aws_robomaker_hospital_world/share/aws_robomaker_hospital_world/models/aws_robomaker_residential_Trash_01/meshes/aws_Trash_01_collision.DAE
-- Installing: /home/ANT.AMAZON.COM/ojasjosh/aws-robomaker-hospital-world/install/aws_robomaker_hospital_world/share/aws_robomaker_hospital_world/models/aws_robomaker_residential_Trash_01/model.sdf
-- Installing: /home/ANT.AMAZON.COM/ojasjosh/aws-robomaker-hospital-world/install/aws_robomaker_hospital_world/share/aws_robomaker_hospital_world/models/aws_robomaker_residential_Trash_01/materials
-- Installing: /home/ANT.AMAZON.COM/ojasjosh/aws-robomaker-hospital-world/install/aws_robomaker_hospital_world/share/aws_robomaker_hospital_world/models/aws_robomaker_residential_Trash_01/materials/textures
-- Installing: /home/ANT.AMAZON.COM/ojasjosh/aws-robomaker-hospital-world/install/aws_robomaker_hospital_world/share/aws_robomaker_hospital_world/models/aws_robomaker_residential_Trash_01/materials/textures/aws_Trash_01.png
-- Installing: /home/ANT.AMAZON.COM/ojasjosh/aws-robomaker-hospital-world/install/aws_robomaker_hospital_world/share/aws_robomaker_hospital_world/models/aws_robomaker_residential_Trash_01/model.config
-- Installing: /home/ANT.AMAZON.COM/ojasjosh/aws-robomaker-hospital-world/install/aws_robomaker_hospital_world/share/aws_robomaker_hospital_world/fuel_models
-- Installing: /home/ANT.AMAZON.COM/ojasjosh/aws-robomaker-hospital-world/install/aws_robomaker_hospital_world/share/aws_robomaker_hospital_world/fuel_models/CGMClassic
-- Installing: /home/ANT.AMAZON.COM/ojasjosh/aws-robomaker-hospital-world/install/aws_robomaker_hospital_world/share/aws_robomaker_hospital_world/fuel_models/CGMClassic/meshes
-- Installing: /home/ANT.AMAZON.COM/ojasjosh/aws-robomaker-hospital-world/install/aws_robomaker_hospital_world/share/aws_robomaker_hospital_world/fuel_models/CGMClassic/meshes/CGMClassic.mtl
-- Installing: /home/ANT.AMAZON.COM/ojasjosh/aws-robomaker-hospital-world/install/aws_robomaker_hospital_world/share/aws_robomaker_hospital_world/fuel_models/CGMClassic/meshes/CGMClassic.obj
-- Installing: /home/ANT.AMAZON.COM/ojasjosh/aws-robomaker-hospital-world/install/aws_robomaker_hospital_world/share/aws_robomaker_hospital_world/fuel_models/CGMClassic/meshes/Wheels_Normal_Normal_Bump.tga
-- Installing: /home/ANT.AMAZON.COM/ojasjosh/aws-robomaker-hospital-world/install/aws_robomaker_hospital_world/share/aws_robomaker_hospital_world/fuel_models/CGMClassic/meshes/CGMClassic_Diffuse.png
-- Installing: /home/ANT.AMAZON.COM/ojasjosh/aws-robomaker-hospital-world/install/aws_robomaker_hospital_world/share/aws_robomaker_hospital_world/fuel_models/CGMClassic/meshes/Carts_Wheels_Diffuse.png
-- Installing: /home/ANT.AMAZON.COM/ojasjosh/aws-robomaker-hospital-world/install/aws_robomaker_hospital_world/share/aws_robomaker_hospital_world/fuel_models/CGMClassic/model.sdf
-- Installing: /home/ANT.AMAZON.COM/ojasjosh/aws-robomaker-hospital-world/install/aws_robomaker_hospital_world/share/aws_robomaker_hospital_world/fuel_models/CGMClassic/model.config
-- Installing: /home/ANT.AMAZON.COM/ojasjosh/aws-robomaker-hospital-world/install/aws_robomaker_hospital_world/share/aws_robomaker_hospital_world/fuel_models/CGMClassic/thumbnails
-- Installing: /home/ANT.AMAZON.COM/ojasjosh/aws-robomaker-hospital-world/install/aws_robomaker_hospital_world/share/aws_robomaker_hospital_world/fuel_models/CGMClassic/thumbnails/2.png
-- Installing: /home/ANT.AMAZON.COM/ojasjosh/aws-robomaker-hospital-world/install/aws_robomaker_hospital_world/share/aws_robomaker_hospital_world/fuel_models/CGMClassic/thumbnails/5.png
-- Installing: /home/ANT.AMAZON.COM/ojasjosh/aws-robomaker-hospital-world/install/aws_robomaker_hospital_world/share/aws_robomaker_hospital_world/fuel_models/CGMClassic/thumbnails/1.png
-- Installing: /home/ANT.AMAZON.COM/ojasjosh/aws-robomaker-hospital-world/install/aws_robomaker_hospital_world/share/aws_robomaker_hospital_world/fuel_models/CGMClassic/thumbnails/4.png
-- Installing: /home/ANT.AMAZON.COM/ojasjosh/aws-robomaker-hospital-world/install/aws_robomaker_hospital_world/share/aws_robomaker_hospital_world/fuel_models/CGMClassic/thumbnails/3.png
-- Installing: /home/ANT.AMAZON.COM/ojasjosh/aws-robomaker-hospital-world/install/aws_robomaker_hospital_world/share/aws_robomaker_hospital_world/worlds
-- Installing: /home/ANT.AMAZON.COM/ojasjosh/aws-robomaker-hospital-world/install/aws_robomaker_hospital_world/share/aws_robomaker_hospital_world/worlds/hospital_two_floors.world
-- Installing: /home/ANT.AMAZON.COM/ojasjosh/aws-robomaker-hospital-world/install/aws_robomaker_hospital_world/share/aws_robomaker_hospital_world/worlds/hospital.world
